{"/home/travis/build/npmtest/node-npmtest-wd/test.js":{"path":"/home/travis/build/npmtest/node-npmtest-wd/test.js","s":{"1":2,"2":2,"3":2,"4":2,"5":2,"6":2,"7":2,"8":1,"9":2,"10":2,"11":1,"12":1,"13":1,"14":1,"15":2,"16":2,"17":2,"18":2,"19":1,"20":1,"21":2,"22":2,"23":2,"24":1,"25":1,"26":1,"27":1,"28":1,"29":1,"30":1,"31":1,"32":1,"33":1,"34":1,"35":1,"36":1,"37":1,"38":1,"39":2,"40":2,"41":1,"42":2,"43":2,"44":1,"45":2,"46":2,"47":1,"48":2,"49":2,"50":1,"51":1,"52":1,"53":1,"54":1},"b":{"1":[2,1,1,1],"2":[1,1,1,1],"3":[1,1],"4":[1,1],"5":[1,1],"6":[1,1],"7":[1,1],"8":[1,1],"9":[1,1],"10":[1,1,1],"11":[1,1],"12":[1,1],"13":[1,1],"14":[1,1],"15":[1,1],"16":[1,1],"17":[1,1]},"f":{"1":2,"2":2,"3":2,"4":2,"5":2,"6":1,"7":1,"8":1,"9":2,"10":2,"11":2,"12":2,"13":1},"fnMap":{"1":{"name":"(anonymous_1)","line":12,"loc":{"start":{"line":12,"column":1},"end":{"line":12,"column":13}}},"2":{"name":"(anonymous_2)","line":19,"loc":{"start":{"line":19,"column":5},"end":{"line":19,"column":17}}},"3":{"name":"(anonymous_3)","line":23,"loc":{"start":{"line":23,"column":24},"end":{"line":23,"column":36}}},"4":{"name":"(anonymous_4)","line":61,"loc":{"start":{"line":61,"column":5},"end":{"line":61,"column":17}}},"5":{"name":"(anonymous_5)","line":82,"loc":{"start":{"line":82,"column":5},"end":{"line":82,"column":17}}},"6":{"name":"(anonymous_6)","line":91,"loc":{"start":{"line":91,"column":77},"end":{"line":94,"column":10}}},"7":{"name":"(anonymous_7)","line":112,"loc":{"start":{"line":112,"column":83},"end":{"line":115,"column":10}},"skip":true},"8":{"name":"(anonymous_8)","line":123,"loc":{"start":{"line":123,"column":77},"end":{"line":126,"column":10}},"skip":true},"9":{"name":"(anonymous_9)","line":139,"loc":{"start":{"line":139,"column":12},"end":{"line":139,"column":40}},"skip":true},"10":{"name":"(anonymous_10)","line":147,"loc":{"start":{"line":147,"column":77},"end":{"line":150,"column":10}},"skip":true},"11":{"name":"(anonymous_11)","line":158,"loc":{"start":{"line":158,"column":83},"end":{"line":161,"column":10}},"skip":true},"12":{"name":"(anonymous_12)","line":169,"loc":{"start":{"line":169,"column":79},"end":{"line":172,"column":10}},"skip":true},"13":{"name":"(anonymous_13)","line":180,"loc":{"start":{"line":180,"column":75},"end":{"line":183,"column":10}},"skip":true}},"statementMap":{"1":{"start":{"line":12,"column":0},"end":{"line":195,"column":5}},"2":{"start":{"line":14,"column":4},"end":{"line":14,"column":14}},"3":{"start":{"line":19,"column":4},"end":{"line":56,"column":9}},"4":{"start":{"line":21,"column":8},"end":{"line":21,"column":19}},"5":{"start":{"line":23,"column":8},"end":{"line":35,"column":13}},"6":{"start":{"line":24,"column":12},"end":{"line":34,"column":13}},"7":{"start":{"line":25,"column":16},"end":{"line":28,"column":30}},"8":{"start":{"line":30,"column":16},"end":{"line":33,"column":27}},"9":{"start":{"line":37,"column":8},"end":{"line":39,"column":21}},"10":{"start":{"line":40,"column":8},"end":{"line":53,"column":9}},"11":{"start":{"line":43,"column":12},"end":{"line":46,"column":14}},"12":{"start":{"line":47,"column":12},"end":{"line":47,"column":18}},"13":{"start":{"line":50,"column":12},"end":{"line":51,"column":33}},"14":{"start":{"line":52,"column":12},"end":{"line":52,"column":18}},"15":{"start":{"line":55,"column":8},"end":{"line":55,"column":35}},"16":{"start":{"line":61,"column":4},"end":{"line":63,"column":9}},"17":{"start":{"line":62,"column":8},"end":{"line":62,"column":15}},"18":{"start":{"line":64,"column":4},"end":{"line":77,"column":5}},"19":{"start":{"line":70,"column":8},"end":{"line":70,"column":14}},"20":{"start":{"line":76,"column":8},"end":{"line":76,"column":14}},"21":{"start":{"line":82,"column":4},"end":{"line":84,"column":9}},"22":{"start":{"line":83,"column":8},"end":{"line":83,"column":15}},"23":{"start":{"line":85,"column":4},"end":{"line":194,"column":5}},"24":{"start":{"line":91,"column":8},"end":{"line":99,"column":10}},"25":{"start":{"line":98,"column":12},"end":{"line":98,"column":35}},"26":{"start":{"line":102,"column":8},"end":{"line":104,"column":63}},"27":{"start":{"line":105,"column":8},"end":{"line":105,"column":14}},"28":{"start":{"line":112,"column":8},"end":{"line":121,"column":10},"skip":true},"29":{"start":{"line":119,"column":12},"end":{"line":119,"column":55},"skip":true},"30":{"start":{"line":120,"column":12},"end":{"line":120,"column":48},"skip":true},"31":{"start":{"line":123,"column":8},"end":{"line":136,"column":10},"skip":true},"32":{"start":{"line":130,"column":12},"end":{"line":130,"column":76},"skip":true},"33":{"start":{"line":131,"column":12},"end":{"line":131,"column":73},"skip":true},"34":{"start":{"line":132,"column":12},"end":{"line":132,"column":74},"skip":true},"35":{"start":{"line":133,"column":12},"end":{"line":133,"column":79},"skip":true},"36":{"start":{"line":134,"column":12},"end":{"line":134,"column":25},"skip":true},"37":{"start":{"line":135,"column":12},"end":{"line":135,"column":45},"skip":true},"38":{"start":{"line":138,"column":8},"end":{"line":145,"column":14},"skip":true},"39":{"start":{"line":143,"column":16},"end":{"line":143,"column":29},"skip":true},"40":{"start":{"line":144,"column":16},"end":{"line":144,"column":55},"skip":true},"41":{"start":{"line":147,"column":8},"end":{"line":156,"column":10},"skip":true},"42":{"start":{"line":154,"column":12},"end":{"line":154,"column":25},"skip":true},"43":{"start":{"line":155,"column":12},"end":{"line":155,"column":45},"skip":true},"44":{"start":{"line":158,"column":8},"end":{"line":167,"column":10},"skip":true},"45":{"start":{"line":165,"column":12},"end":{"line":165,"column":25},"skip":true},"46":{"start":{"line":166,"column":12},"end":{"line":166,"column":48},"skip":true},"47":{"start":{"line":169,"column":8},"end":{"line":178,"column":10},"skip":true},"48":{"start":{"line":176,"column":12},"end":{"line":176,"column":25},"skip":true},"49":{"start":{"line":177,"column":12},"end":{"line":177,"column":46},"skip":true},"50":{"start":{"line":180,"column":8},"end":{"line":189,"column":10},"skip":true},"51":{"start":{"line":187,"column":12},"end":{"line":187,"column":94},"skip":true},"52":{"start":{"line":188,"column":12},"end":{"line":188,"column":48},"skip":true},"53":{"start":{"line":192,"column":8},"end":{"line":192,"column":35},"skip":true},"54":{"start":{"line":193,"column":8},"end":{"line":193,"column":14},"skip":true}},"branchMap":{"1":{"line":25,"type":"binary-expr","locations":[{"start":{"line":25,"column":23},"end":{"line":25,"column":62}},{"start":{"line":26,"column":20},"end":{"line":26,"column":70}},{"start":{"line":27,"column":20},"end":{"line":27,"column":71}},{"start":{"line":28,"column":20},"end":{"line":28,"column":29}}]},"2":{"line":30,"type":"binary-expr","locations":[{"start":{"line":30,"column":23},"end":{"line":30,"column":37}},{"start":{"line":31,"column":20},"end":{"line":31,"column":61}},{"start":{"line":32,"column":20},"end":{"line":32,"column":70}},{"start":{"line":33,"column":20},"end":{"line":33,"column":26}}]},"3":{"line":37,"type":"cond-expr","locations":[{"start":{"line":38,"column":14},"end":{"line":38,"column":20}},{"start":{"line":39,"column":14},"end":{"line":39,"column":20}}]},"4":{"line":40,"type":"switch","locations":[{"start":{"line":42,"column":8},"end":{"line":47,"column":18}},{"start":{"line":49,"column":8},"end":{"line":52,"column":18}}]},"5":{"line":44,"type":"binary-expr","locations":[{"start":{"line":44,"column":16},"end":{"line":44,"column":44}},{"start":{"line":44,"column":48},"end":{"line":44,"column":66}}]},"6":{"line":50,"type":"binary-expr","locations":[{"start":{"line":50,"column":21},"end":{"line":50,"column":49}},{"start":{"line":50,"column":53},"end":{"line":50,"column":72}}]},"7":{"line":64,"type":"switch","locations":[{"start":{"line":69,"column":4},"end":{"line":70,"column":14}},{"start":{"line":75,"column":4},"end":{"line":76,"column":14}}]},"8":{"line":85,"type":"switch","locations":[{"start":{"line":90,"column":4},"end":{"line":105,"column":14}},{"start":{"line":111,"column":4},"end":{"line":193,"column":14},"skip":true}]},"9":{"line":91,"type":"binary-expr","locations":[{"start":{"line":91,"column":42},"end":{"line":91,"column":73}},{"start":{"line":91,"column":77},"end":{"line":99,"column":9}}]},"10":{"line":102,"type":"binary-expr","locations":[{"start":{"line":102,"column":18},"end":{"line":102,"column":32}},{"start":{"line":103,"column":12},"end":{"line":103,"column":53}},{"start":{"line":104,"column":12},"end":{"line":104,"column":61}}]},"11":{"line":112,"type":"binary-expr","locations":[{"start":{"line":112,"column":45},"end":{"line":112,"column":79},"skip":true},{"start":{"line":112,"column":83},"end":{"line":121,"column":9},"skip":true}]},"12":{"line":123,"type":"binary-expr","locations":[{"start":{"line":123,"column":42},"end":{"line":123,"column":73},"skip":true},{"start":{"line":123,"column":77},"end":{"line":136,"column":9},"skip":true}]},"13":{"line":138,"type":"binary-expr","locations":[{"start":{"line":138,"column":48},"end":{"line":138,"column":85},"skip":true},{"start":{"line":139,"column":12},"end":{"line":145,"column":13},"skip":true}]},"14":{"line":147,"type":"binary-expr","locations":[{"start":{"line":147,"column":42},"end":{"line":147,"column":73},"skip":true},{"start":{"line":147,"column":77},"end":{"line":156,"column":9},"skip":true}]},"15":{"line":158,"type":"binary-expr","locations":[{"start":{"line":158,"column":45},"end":{"line":158,"column":79},"skip":true},{"start":{"line":158,"column":83},"end":{"line":167,"column":9},"skip":true}]},"16":{"line":169,"type":"binary-expr","locations":[{"start":{"line":169,"column":43},"end":{"line":169,"column":75},"skip":true},{"start":{"line":169,"column":79},"end":{"line":178,"column":9},"skip":true}]},"17":{"line":180,"type":"binary-expr","locations":[{"start":{"line":180,"column":41},"end":{"line":180,"column":71},"skip":true},{"start":{"line":180,"column":75},"end":{"line":189,"column":9},"skip":true}]}},"code":["/* istanbul instrument in package npmtest_wd */","/*jslint","    bitwise: true,","    browser: true,","    maxerr: 8,","    maxlen: 96,","    node: true,","    nomen: true,","    regexp: true,","    stupid: true","*/","(function () {","    'use strict';","    var local;","","","","    // run shared js-env code - init-before","    (function () {","        // init local","        local = {};","        // init modeJs","        local.modeJs = (function () {","            try {","                return typeof navigator.userAgent === 'string' &&","                    typeof document.querySelector('body') === 'object' &&","                    typeof XMLHttpRequest.prototype.open === 'function' &&","                    'browser';","            } catch (errorCaughtBrowser) {","                return module.exports &&","                    typeof process.versions.node === 'string' &&","                    typeof require('http').createServer === 'function' &&","                    'node';","            }","        }());","        // init global","        local.global = local.modeJs === 'browser'","            ? window","            : global;","        switch (local.modeJs) {","        // re-init local from window.local","        case 'browser':","            local = local.global.utility2.objectSetDefault(","                local.global.utility2_rollup || local.global.local,","                local.global.utility2","            );","            break;","        // re-init local from example.js","        case 'node':","            local = (local.global.utility2_rollup || require('utility2'))","                .requireReadme();","            break;","        }","        // export local","        local.global.local = local;","    }());","","","","    // run shared js-env code - function","    (function () {","        return;","    }());","    switch (local.modeJs) {","","","","    // run browser js-env code - function","    case 'browser':","        break;","","","","    // run node js-env code - function","    case 'node':","        break;","    }","","","","    // run shared js-env code - init-after","    (function () {","        return;","    }());","    switch (local.modeJs) {","","","","    // run browser js-env code - init-after","    case 'browser':","        local.testCase_browser_nullCase = local.testCase_browser_nullCase || function (","            options,","            onError","        ) {","        /*","         * this function will test browsers's null-case handling-behavior-behavior","         */","            onError(null, options);","        };","","        // run tests","        local.nop(local.modeTest &&","            document.querySelector('#testRunButton1') &&","            document.querySelector('#testRunButton1').click());","        break;","","","","    // run node js-env code - init-after","    /* istanbul ignore next */","    case 'node':","        local.testCase_buildApidoc_default = local.testCase_buildApidoc_default || function (","            options,","            onError","        ) {","        /*","         * this function will test buildApidoc's default handling-behavior-behavior","         */","            options = { modulePathList: module.paths };","            local.buildApidoc(options, onError);","        };","","        local.testCase_buildApp_default = local.testCase_buildApp_default || function (","            options,","            onError","        ) {","        /*","         * this function will test buildApp's default handling-behavior-behavior","         */","            local.testCase_buildReadme_default(options, local.onErrorThrow);","            local.testCase_buildLib_default(options, local.onErrorThrow);","            local.testCase_buildTest_default(options, local.onErrorThrow);","            local.testCase_buildCustomOrg_default(options, local.onErrorThrow);","            options = [];","            local.buildApp(options, onError);","        };","","        local.testCase_buildCustomOrg_default = local.testCase_buildCustomOrg_default ||","            function (options, onError) {","            /*","             * this function will test buildCustomOrg's default handling-behavior","             */","                options = {};","                local.buildCustomOrg(options, onError);","            };","","        local.testCase_buildLib_default = local.testCase_buildLib_default || function (","            options,","            onError","        ) {","        /*","         * this function will test buildLib's default handling-behavior","         */","            options = {};","            local.buildLib(options, onError);","        };","","        local.testCase_buildReadme_default = local.testCase_buildReadme_default || function (","            options,","            onError","        ) {","        /*","         * this function will test buildReadme's default handling-behavior-behavior","         */","            options = {};","            local.buildReadme(options, onError);","        };","","        local.testCase_buildTest_default = local.testCase_buildTest_default || function (","            options,","            onError","        ) {","        /*","         * this function will test buildTest's default handling-behavior","         */","            options = {};","            local.buildTest(options, onError);","        };","","        local.testCase_webpage_default = local.testCase_webpage_default || function (","            options,","            onError","        ) {","        /*","         * this function will test webpage's default handling-behavior","         */","            options = { modeCoverageMerge: true, url: local.serverLocalHost + '?modeTest=1' };","            local.browserTest(options, onError);","        };","","        // run test-server","        local.testRunServer(local);","        break;","    }","}());",""],"l":{"12":2,"14":2,"19":2,"21":2,"23":2,"24":2,"25":2,"30":1,"37":2,"40":2,"43":1,"47":1,"50":1,"52":1,"55":2,"61":2,"62":2,"64":2,"70":1,"76":1,"82":2,"83":2,"85":2,"91":1,"98":1,"102":1,"105":1,"112":1,"119":1,"120":1,"123":1,"130":1,"131":1,"132":1,"133":1,"134":1,"135":1,"138":1,"143":2,"144":2,"147":1,"154":2,"155":2,"158":1,"165":2,"166":2,"169":1,"176":2,"177":2,"180":1,"187":1,"188":1,"192":1,"193":1}},"/home/travis/build/npmtest/node-npmtest-wd/lib.npmtest_wd.js":{"path":"/home/travis/build/npmtest/node-npmtest-wd/lib.npmtest_wd.js","s":{"1":2,"2":2,"3":2,"4":2,"5":2,"6":2,"7":2,"8":1,"9":2,"10":2,"11":2,"12":2,"13":1,"14":1,"15":1,"16":1},"b":{"1":[2,1,1,1],"2":[1,1,1,1],"3":[1,1],"4":[2,2],"5":[1,1]},"f":{"1":2,"2":2,"3":2},"fnMap":{"1":{"name":"(anonymous_1)","line":12,"loc":{"start":{"line":12,"column":1},"end":{"line":12,"column":13}}},"2":{"name":"(anonymous_2)","line":19,"loc":{"start":{"line":19,"column":5},"end":{"line":19,"column":17}}},"3":{"name":"(anonymous_3)","line":23,"loc":{"start":{"line":23,"column":24},"end":{"line":23,"column":36}}}},"statementMap":{"1":{"start":{"line":12,"column":0},"end":{"line":53,"column":5}},"2":{"start":{"line":14,"column":4},"end":{"line":14,"column":14}},"3":{"start":{"line":19,"column":4},"end":{"line":52,"column":9}},"4":{"start":{"line":21,"column":8},"end":{"line":21,"column":19}},"5":{"start":{"line":23,"column":8},"end":{"line":35,"column":13}},"6":{"start":{"line":24,"column":12},"end":{"line":34,"column":13}},"7":{"start":{"line":25,"column":16},"end":{"line":28,"column":30}},"8":{"start":{"line":30,"column":16},"end":{"line":33,"column":27}},"9":{"start":{"line":37,"column":8},"end":{"line":39,"column":21}},"10":{"start":{"line":41,"column":8},"end":{"line":41,"column":54}},"11":{"start":{"line":43,"column":8},"end":{"line":43,"column":47}},"12":{"start":{"line":45,"column":8},"end":{"line":51,"column":9}},"13":{"start":{"line":46,"column":12},"end":{"line":46,"column":53}},"14":{"start":{"line":48,"column":12},"end":{"line":48,"column":35}},"15":{"start":{"line":49,"column":12},"end":{"line":49,"column":49}},"16":{"start":{"line":50,"column":12},"end":{"line":50,"column":43}}},"branchMap":{"1":{"line":25,"type":"binary-expr","locations":[{"start":{"line":25,"column":23},"end":{"line":25,"column":62}},{"start":{"line":26,"column":20},"end":{"line":26,"column":70}},{"start":{"line":27,"column":20},"end":{"line":27,"column":71}},{"start":{"line":28,"column":20},"end":{"line":28,"column":29}}]},"2":{"line":30,"type":"binary-expr","locations":[{"start":{"line":30,"column":23},"end":{"line":30,"column":37}},{"start":{"line":31,"column":20},"end":{"line":31,"column":61}},{"start":{"line":32,"column":20},"end":{"line":32,"column":70}},{"start":{"line":33,"column":20},"end":{"line":33,"column":26}}]},"3":{"line":37,"type":"cond-expr","locations":[{"start":{"line":38,"column":14},"end":{"line":38,"column":20}},{"start":{"line":39,"column":14},"end":{"line":39,"column":20}}]},"4":{"line":41,"type":"binary-expr","locations":[{"start":{"line":41,"column":16},"end":{"line":41,"column":44}},{"start":{"line":41,"column":48},"end":{"line":41,"column":53}}]},"5":{"line":45,"type":"if","locations":[{"start":{"line":45,"column":8},"end":{"line":45,"column":8}},{"start":{"line":45,"column":8},"end":{"line":45,"column":8}}]}},"code":["/* istanbul instrument in package npmtest_wd */","/*jslint","    bitwise: true,","    browser: true,","    maxerr: 8,","    maxlen: 96,","    node: true,","    nomen: true,","    regexp: true,","    stupid: true","*/","(function () {","    'use strict';","    var local;","","","","    // run shared js-env code - init-before","    (function () {","        // init local","        local = {};","        // init modeJs","        local.modeJs = (function () {","            try {","                return typeof navigator.userAgent === 'string' &&","                    typeof document.querySelector('body') === 'object' &&","                    typeof XMLHttpRequest.prototype.open === 'function' &&","                    'browser';","            } catch (errorCaughtBrowser) {","                return module.exports &&","                    typeof process.versions.node === 'string' &&","                    typeof require('http').createServer === 'function' &&","                    'node';","            }","        }());","        // init global","        local.global = local.modeJs === 'browser'","            ? window","            : global;","        // init utility2_rollup","        local = local.global.utility2_rollup || local;","        // init lib","        local.local = local.npmtest_wd = local;","        // init exports","        if (local.modeJs === 'browser') {","            local.global.utility2_npmtest_wd = local;","        } else {","            module.exports = local;","            module.exports.__dirname = __dirname;","            module.exports.module = module;","        }","    }());","}());",""],"l":{"12":2,"14":2,"19":2,"21":2,"23":2,"24":2,"25":2,"30":1,"37":2,"41":2,"43":2,"45":2,"46":1,"48":1,"49":1,"50":1}},"/home/travis/build/npmtest/node-npmtest-wd/example.js":{"path":"/home/travis/build/npmtest/node-npmtest-wd/example.js","s":{"1":2,"2":2,"3":2,"4":2,"5":2,"6":2,"7":2,"8":1,"9":2,"10":2,"11":2,"12":2,"13":1,"14":2,"15":2,"16":2,"17":2,"18":2,"19":0,"20":2,"21":1,"22":1,"23":1,"24":1,"25":1,"26":0,"27":0,"28":1,"29":1,"30":2,"31":0,"32":0,"33":0,"34":1,"35":2,"36":2,"37":3,"38":3,"39":3,"40":3,"41":0,"42":3,"43":3,"44":3,"45":1,"46":3,"47":1,"48":1,"49":1,"50":1,"51":1,"52":1,"53":1,"54":1,"55":1,"56":1,"57":0,"58":1,"59":6,"60":6,"61":1,"62":2,"63":0,"64":2,"65":1,"66":1,"67":0,"68":0,"69":0,"70":0,"71":0,"72":0,"73":0,"74":0,"75":0,"76":0,"77":0,"78":0,"79":0,"80":0,"81":0,"82":0,"83":0},"b":{"1":[2,1,1,1],"2":[1,1,1,1],"3":[1,1],"4":[2,2],"5":[1,1],"6":[1,1],"7":[2,0],"8":[2,1,1,1,1,1],"9":[0,2,0],"10":[1,1],"11":[2,1,1],"12":[1,0],"13":[0,2],"14":[2,0,0,0,0,0,0],"15":[0,3],"16":[3,0],"17":[1,1],"18":[0,1],"19":[1,2,0,2],"20":[1,0],"21":[1,1],"22":[0,0],"23":[0,0],"24":[0,0],"25":[0,0],"26":[0,0],"27":[0,0],"28":[0,0]},"f":{"1":2,"2":2,"3":2,"4":2,"5":2,"6":2,"7":3,"8":3,"9":3,"10":1,"11":6,"12":0},"fnMap":{"1":{"name":"(anonymous_1)","line":26,"loc":{"start":{"line":26,"column":1},"end":{"line":26,"column":13}}},"2":{"name":"(anonymous_2)","line":33,"loc":{"start":{"line":33,"column":5},"end":{"line":33,"column":17}}},"3":{"name":"(anonymous_3)","line":37,"loc":{"start":{"line":37,"column":24},"end":{"line":37,"column":36}}},"4":{"name":"(anonymous_4)","line":69,"loc":{"start":{"line":69,"column":31},"end":{"line":69,"column":48}},"skip":true},"5":{"name":"(anonymous_5)","line":78,"loc":{"start":{"line":78,"column":26},"end":{"line":78,"column":45}},"skip":true},"6":{"name":"(anonymous_6)","line":123,"loc":{"start":{"line":123,"column":33},"end":{"line":123,"column":48}},"skip":true},"7":{"name":"(anonymous_7)","line":125,"loc":{"start":{"line":125,"column":27},"end":{"line":125,"column":39}},"skip":true},"8":{"name":"(anonymous_8)","line":133,"loc":{"start":{"line":133,"column":59},"end":{"line":133,"column":74}},"skip":true},"9":{"name":"(anonymous_9)","line":143,"loc":{"start":{"line":143,"column":45},"end":{"line":143,"column":62}},"skip":true},"10":{"name":"(anonymous_10)","line":144,"loc":{"start":{"line":144,"column":73},"end":{"line":144,"column":92}},"skip":true},"11":{"name":"(anonymous_11)","line":272,"loc":{"start":{"line":272,"column":51},"end":{"line":272,"column":77}},"skip":true},"12":{"name":"(anonymous_12)","line":315,"loc":{"start":{"line":315,"column":32},"end":{"line":315,"column":61}},"skip":true}},"statementMap":{"1":{"start":{"line":26,"column":0},"end":{"line":326,"column":5}},"2":{"start":{"line":28,"column":4},"end":{"line":28,"column":14}},"3":{"start":{"line":33,"column":4},"end":{"line":60,"column":9}},"4":{"start":{"line":35,"column":8},"end":{"line":35,"column":19}},"5":{"start":{"line":37,"column":8},"end":{"line":49,"column":13}},"6":{"start":{"line":38,"column":12},"end":{"line":48,"column":13}},"7":{"start":{"line":39,"column":16},"end":{"line":42,"column":30}},"8":{"start":{"line":44,"column":16},"end":{"line":47,"column":27}},"9":{"start":{"line":51,"column":8},"end":{"line":53,"column":21}},"10":{"start":{"line":55,"column":8},"end":{"line":57,"column":45}},"11":{"start":{"line":59,"column":8},"end":{"line":59,"column":35}},"12":{"start":{"line":61,"column":4},"end":{"line":325,"column":5}},"13":{"start":{"line":69,"column":8},"end":{"line":121,"column":10},"skip":true},"14":{"start":{"line":70,"column":12},"end":{"line":88,"column":13},"skip":true},"15":{"start":{"line":76,"column":16},"end":{"line":87,"column":19},"skip":true},"16":{"start":{"line":79,"column":20},"end":{"line":86,"column":21},"skip":true},"17":{"start":{"line":82,"column":24},"end":{"line":82,"column":43},"skip":true},"18":{"start":{"line":83,"column":24},"end":{"line":83,"column":30},"skip":true},"19":{"start":{"line":85,"column":24},"end":{"line":85,"column":49},"skip":true},"20":{"start":{"line":89,"column":12},"end":{"line":107,"column":13},"skip":true},"21":{"start":{"line":92,"column":16},"end":{"line":102,"column":17},"skip":true},"22":{"start":{"line":93,"column":20},"end":{"line":93,"column":86},"skip":true},"23":{"start":{"line":94,"column":20},"end":{"line":95,"column":45},"skip":true},"24":{"start":{"line":96,"column":20},"end":{"line":96,"column":42},"skip":true},"25":{"start":{"line":97,"column":20},"end":{"line":97,"column":48},"skip":true},"26":{"start":{"line":100,"column":20},"end":{"line":100,"column":85},"skip":true},"27":{"start":{"line":101,"column":20},"end":{"line":101,"column":96},"skip":true},"28":{"start":{"line":103,"column":16},"end":{"line":103,"column":22},"skip":true},"29":{"start":{"line":106,"column":16},"end":{"line":106,"column":22},"skip":true},"30":{"start":{"line":108,"column":12},"end":{"line":120,"column":13},"skip":true},"31":{"start":{"line":114,"column":16},"end":{"line":119,"column":17},"skip":true},"32":{"start":{"line":116,"column":20},"end":{"line":116,"column":78},"skip":true},"33":{"start":{"line":118,"column":20},"end":{"line":118,"column":47},"skip":true},"34":{"start":{"line":123,"column":8},"end":{"line":141,"column":11},"skip":true},"35":{"start":{"line":124,"column":12},"end":{"line":124,"column":54},"skip":true},"36":{"start":{"line":125,"column":12},"end":{"line":140,"column":14},"skip":true},"37":{"start":{"line":126,"column":16},"end":{"line":126,"column":28},"skip":true},"38":{"start":{"line":127,"column":16},"end":{"line":127,"column":69},"skip":true},"39":{"start":{"line":128,"column":16},"end":{"line":128,"column":75},"skip":true},"40":{"start":{"line":129,"column":16},"end":{"line":131,"column":17},"skip":true},"41":{"start":{"line":130,"column":20},"end":{"line":130,"column":27},"skip":true},"42":{"start":{"line":133,"column":16},"end":{"line":137,"column":36},"skip":true},"43":{"start":{"line":134,"column":20},"end":{"line":136,"column":55},"skip":true},"44":{"start":{"line":139,"column":16},"end":{"line":139,"column":57},"skip":true},"45":{"start":{"line":143,"column":8},"end":{"line":147,"column":11},"skip":true},"46":{"start":{"line":144,"column":12},"end":{"line":146,"column":15},"skip":true},"47":{"start":{"line":145,"column":16},"end":{"line":145,"column":70},"skip":true},"48":{"start":{"line":149,"column":8},"end":{"line":149,"column":31},"skip":true},"49":{"start":{"line":150,"column":8},"end":{"line":150,"column":14},"skip":true},"50":{"start":{"line":158,"column":8},"end":{"line":158,"column":31},"skip":true},"51":{"start":{"line":160,"column":8},"end":{"line":160,"column":33},"skip":true},"52":{"start":{"line":161,"column":8},"end":{"line":161,"column":37},"skip":true},"53":{"start":{"line":162,"column":8},"end":{"line":162,"column":35},"skip":true},"54":{"start":{"line":164,"column":8},"end":{"line":164,"column":50},"skip":true},"55":{"start":{"line":166,"column":8},"end":{"line":256,"column":2},"skip":true},"56":{"start":{"line":258,"column":8},"end":{"line":286,"column":9},"skip":true},"57":{"start":{"line":259,"column":12},"end":{"line":269,"column":14},"skip":true},"58":{"start":{"line":271,"column":12},"end":{"line":285,"column":19},"skip":true},"59":{"start":{"line":274,"column":20},"end":{"line":274,"column":35},"skip":true},"60":{"start":{"line":275,"column":20},"end":{"line":284,"column":21},"skip":true},"61":{"start":{"line":277,"column":24},"end":{"line":277,"column":64},"skip":true},"62":{"start":{"line":279,"column":24},"end":{"line":279,"column":40},"skip":true},"63":{"start":{"line":281,"column":24},"end":{"line":281,"column":40},"skip":true},"64":{"start":{"line":283,"column":24},"end":{"line":283,"column":39},"skip":true},"65":{"start":{"line":288,"column":8},"end":{"line":290,"column":9},"skip":true},"66":{"start":{"line":289,"column":12},"end":{"line":289,"column":18},"skip":true},"67":{"start":{"line":291,"column":8},"end":{"line":293,"column":54},"skip":true},"68":{"start":{"line":296,"column":8},"end":{"line":301,"column":37},"skip":true},"69":{"start":{"line":303,"column":8},"end":{"line":303,"column":82},"skip":true},"70":{"start":{"line":306,"column":8},"end":{"line":308,"column":9},"skip":true},"71":{"start":{"line":307,"column":12},"end":{"line":307,"column":82},"skip":true},"72":{"start":{"line":310,"column":8},"end":{"line":312,"column":9},"skip":true},"73":{"start":{"line":311,"column":12},"end":{"line":311,"column":18},"skip":true},"74":{"start":{"line":313,"column":8},"end":{"line":313,"column":54},"skip":true},"75":{"start":{"line":314,"column":8},"end":{"line":314,"column":69},"skip":true},"76":{"start":{"line":315,"column":8},"end":{"line":323,"column":36},"skip":true},"77":{"start":{"line":316,"column":12},"end":{"line":316,"column":61},"skip":true},"78":{"start":{"line":317,"column":12},"end":{"line":320,"column":13},"skip":true},"79":{"start":{"line":318,"column":16},"end":{"line":318,"column":75},"skip":true},"80":{"start":{"line":319,"column":16},"end":{"line":319,"column":23},"skip":true},"81":{"start":{"line":321,"column":12},"end":{"line":321,"column":38},"skip":true},"82":{"start":{"line":322,"column":12},"end":{"line":322,"column":27},"skip":true},"83":{"start":{"line":324,"column":8},"end":{"line":324,"column":14},"skip":true}},"branchMap":{"1":{"line":39,"type":"binary-expr","locations":[{"start":{"line":39,"column":23},"end":{"line":39,"column":62}},{"start":{"line":40,"column":20},"end":{"line":40,"column":70}},{"start":{"line":41,"column":20},"end":{"line":41,"column":71}},{"start":{"line":42,"column":20},"end":{"line":42,"column":29}}]},"2":{"line":44,"type":"binary-expr","locations":[{"start":{"line":44,"column":23},"end":{"line":44,"column":37}},{"start":{"line":45,"column":20},"end":{"line":45,"column":61}},{"start":{"line":46,"column":20},"end":{"line":46,"column":70}},{"start":{"line":47,"column":20},"end":{"line":47,"column":26}}]},"3":{"line":51,"type":"cond-expr","locations":[{"start":{"line":52,"column":14},"end":{"line":52,"column":20}},{"start":{"line":53,"column":14},"end":{"line":53,"column":20}}]},"4":{"line":55,"type":"binary-expr","locations":[{"start":{"line":55,"column":16},"end":{"line":55,"column":44}},{"start":{"line":55,"column":49},"end":{"line":57,"column":43}}]},"5":{"line":55,"type":"cond-expr","locations":[{"start":{"line":56,"column":14},"end":{"line":56,"column":46}},{"start":{"line":57,"column":14},"end":{"line":57,"column":43}}]},"6":{"line":61,"type":"switch","locations":[{"start":{"line":68,"column":4},"end":{"line":150,"column":14},"skip":true},{"start":{"line":156,"column":4},"end":{"line":324,"column":14},"skip":true}]},"7":{"line":70,"type":"if","locations":[{"start":{"line":70,"column":12},"end":{"line":70,"column":12},"skip":true},{"start":{"line":70,"column":12},"end":{"line":70,"column":12},"skip":true}]},"8":{"line":70,"type":"binary-expr","locations":[{"start":{"line":70,"column":16},"end":{"line":70,"column":22},"skip":true},{"start":{"line":70,"column":27},"end":{"line":70,"column":32},"skip":true},{"start":{"line":71,"column":20},"end":{"line":71,"column":39},"skip":true},{"start":{"line":72,"column":20},"end":{"line":72,"column":49},"skip":true},{"start":{"line":73,"column":20},"end":{"line":73,"column":58},"skip":true},{"start":{"line":74,"column":20},"end":{"line":74,"column":69},"skip":true}]},"9":{"line":79,"type":"switch","locations":[{"start":{"line":80,"column":20},"end":{"line":80,"column":33},"skip":true},{"start":{"line":81,"column":20},"end":{"line":83,"column":30},"skip":true},{"start":{"line":84,"column":20},"end":{"line":85,"column":49},"skip":true}]},"10":{"line":89,"type":"switch","locations":[{"start":{"line":90,"column":12},"end":{"line":103,"column":22},"skip":true},{"start":{"line":105,"column":12},"end":{"line":106,"column":22},"skip":true}]},"11":{"line":89,"type":"binary-expr","locations":[{"start":{"line":89,"column":20},"end":{"line":89,"column":25},"skip":true},{"start":{"line":89,"column":29},"end":{"line":89,"column":48},"skip":true},{"start":{"line":89,"column":52},"end":{"line":89,"column":74},"skip":true}]},"12":{"line":92,"type":"if","locations":[{"start":{"line":92,"column":16},"end":{"line":92,"column":16},"skip":true},{"start":{"line":92,"column":16},"end":{"line":92,"column":16},"skip":true}]},"13":{"line":108,"type":"if","locations":[{"start":{"line":108,"column":12},"end":{"line":108,"column":12},"skip":true},{"start":{"line":108,"column":12},"end":{"line":108,"column":12},"skip":true}]},"14":{"line":108,"type":"binary-expr","locations":[{"start":{"line":108,"column":16},"end":{"line":108,"column":61},"skip":true},{"start":{"line":108,"column":66},"end":{"line":108,"column":72},"skip":true},{"start":{"line":108,"column":77},"end":{"line":108,"column":82},"skip":true},{"start":{"line":109,"column":20},"end":{"line":109,"column":39},"skip":true},{"start":{"line":110,"column":20},"end":{"line":110,"column":49},"skip":true},{"start":{"line":111,"column":20},"end":{"line":111,"column":58},"skip":true},{"start":{"line":112,"column":20},"end":{"line":112,"column":68},"skip":true}]},"15":{"line":129,"type":"if","locations":[{"start":{"line":129,"column":16},"end":{"line":129,"column":16},"skip":true},{"start":{"line":129,"column":16},"end":{"line":129,"column":16},"skip":true}]},"16":{"line":134,"type":"cond-expr","locations":[{"start":{"line":135,"column":26},"end":{"line":135,"column":29},"skip":true},{"start":{"line":136,"column":26},"end":{"line":136,"column":54},"skip":true}]},"17":{"line":164,"type":"binary-expr","locations":[{"start":{"line":164,"column":27},"end":{"line":164,"column":43},"skip":true},{"start":{"line":164,"column":47},"end":{"line":164,"column":49},"skip":true}]},"18":{"line":258,"type":"if","locations":[{"start":{"line":258,"column":8},"end":{"line":258,"column":8},"skip":true},{"start":{"line":258,"column":8},"end":{"line":258,"column":8},"skip":true}]},"19":{"line":275,"type":"switch","locations":[{"start":{"line":276,"column":20},"end":{"line":277,"column":64},"skip":true},{"start":{"line":278,"column":20},"end":{"line":279,"column":40},"skip":true},{"start":{"line":280,"column":20},"end":{"line":281,"column":40},"skip":true},{"start":{"line":282,"column":20},"end":{"line":283,"column":39},"skip":true}]},"20":{"line":288,"type":"if","locations":[{"start":{"line":288,"column":8},"end":{"line":288,"column":8},"skip":true},{"start":{"line":288,"column":8},"end":{"line":288,"column":8},"skip":true}]},"21":{"line":288,"type":"binary-expr","locations":[{"start":{"line":288,"column":12},"end":{"line":288,"column":40},"skip":true},{"start":{"line":288,"column":44},"end":{"line":288,"column":67},"skip":true}]},"22":{"line":292,"type":"binary-expr","locations":[{"start":{"line":292,"column":12},"end":{"line":292,"column":50},"skip":true},{"start":{"line":293,"column":12},"end":{"line":293,"column":53},"skip":true}]},"23":{"line":297,"type":"binary-expr","locations":[{"start":{"line":297,"column":12},"end":{"line":297,"column":60},"skip":true},{"start":{"line":298,"column":12},"end":{"line":301,"column":36},"skip":true}]},"24":{"line":303,"type":"binary-expr","locations":[{"start":{"line":303,"column":43},"end":{"line":303,"column":75},"skip":true},{"start":{"line":303,"column":79},"end":{"line":303,"column":81},"skip":true}]},"25":{"line":306,"type":"if","locations":[{"start":{"line":306,"column":8},"end":{"line":306,"column":8},"skip":true},{"start":{"line":306,"column":8},"end":{"line":306,"column":8},"skip":true}]},"26":{"line":310,"type":"if","locations":[{"start":{"line":310,"column":8},"end":{"line":310,"column":8},"skip":true},{"start":{"line":310,"column":8},"end":{"line":310,"column":8},"skip":true}]},"27":{"line":313,"type":"binary-expr","locations":[{"start":{"line":313,"column":27},"end":{"line":313,"column":43},"skip":true},{"start":{"line":313,"column":47},"end":{"line":313,"column":53},"skip":true}]},"28":{"line":317,"type":"if","locations":[{"start":{"line":317,"column":12},"end":{"line":317,"column":12},"skip":true},{"start":{"line":317,"column":12},"end":{"line":317,"column":12},"skip":true}]}},"code":["/*","example.js","","quickstart example","","instruction","    1. save this script as example.js","    2. run the shell command:","        $ npm install npmtest-wd && PORT=8081 node example.js","    3. play with the browser-demo on http://127.0.0.1:8081","*/","","","","/* istanbul instrument in package npmtest_wd */","/*jslint","    bitwise: true,","    browser: true,","    maxerr: 8,","    maxlen: 96,","    node: true,","    nomen: true,","    regexp: true,","    stupid: true","*/","(function () {","    'use strict';","    var local;","","","","    // run shared js-env code - init-before","    (function () {","        // init local","        local = {};","        // init modeJs","        local.modeJs = (function () {","            try {","                return typeof navigator.userAgent === 'string' &&","                    typeof document.querySelector('body') === 'object' &&","                    typeof XMLHttpRequest.prototype.open === 'function' &&","                    'browser';","            } catch (errorCaughtBrowser) {","                return module.exports &&","                    typeof process.versions.node === 'string' &&","                    typeof require('http').createServer === 'function' &&","                    'node';","            }","        }());","        // init global","        local.global = local.modeJs === 'browser'","            ? window","            : global;","        // init utility2_rollup","        local = local.global.utility2_rollup || (local.modeJs === 'browser'","            ? local.global.utility2_npmtest_wd","            : global.utility2_moduleExports);","        // export local","        local.global.local = local;","    }());","    switch (local.modeJs) {","","","","    // init-after","    // run browser js-env code - init-after","    /* istanbul ignore next */","    case 'browser':","        local.testRunBrowser = function (event) {","            if (!event || (event &&","                    event.currentTarget &&","                    event.currentTarget.className &&","                    event.currentTarget.className.includes &&","                    event.currentTarget.className.includes('onreset'))) {","                // reset output","                Array.from(","                    document.querySelectorAll('body > .resettable')","                ).forEach(function (element) {","                    switch (element.tagName) {","                    case 'INPUT':","                    case 'TEXTAREA':","                        element.value = '';","                        break;","                    default:","                        element.textContent = '';","                    }","                });","            }","            switch (event && event.currentTarget && event.currentTarget.id) {","            case 'testRunButton1':","                // show tests","                if (document.querySelector('#testReportDiv1').style.display === 'none') {","                    document.querySelector('#testReportDiv1').style.display = 'block';","                    document.querySelector('#testRunButton1').textContent =","                        'hide internal test';","                    local.modeTest = true;","                    local.testRunDefault(local);","                // hide tests","                } else {","                    document.querySelector('#testReportDiv1').style.display = 'none';","                    document.querySelector('#testRunButton1').textContent = 'run internal test';","                }","                break;","            // custom-case","            default:","                break;","            }","            if (document.querySelector('#inputTextareaEval1') && (!event || (event &&","                    event.currentTarget &&","                    event.currentTarget.className &&","                    event.currentTarget.className.includes &&","                    event.currentTarget.className.includes('oneval')))) {","                // try to eval input-code","                try {","                    /*jslint evil: true*/","                    eval(document.querySelector('#inputTextareaEval1').value);","                } catch (errorCaught) {","                    console.error(errorCaught);","                }","            }","        };","        // log stderr and stdout to #outputTextareaStdout1","        ['error', 'log'].forEach(function (key) {","            console[key + '_original'] = console[key];","            console[key] = function () {","                var element;","                console[key + '_original'].apply(console, arguments);","                element = document.querySelector('#outputTextareaStdout1');","                if (!element) {","                    return;","                }","                // append text to #outputTextareaStdout1","                element.value += Array.from(arguments).map(function (arg) {","                    return typeof arg === 'string'","                        ? arg","                        : JSON.stringify(arg, null, 4);","                }).join(' ') + '\\n';","                // scroll textarea to bottom","                element.scrollTop = element.scrollHeight;","            };","        });","        // init event-handling","        ['change', 'click', 'keyup'].forEach(function (event) {","            Array.from(document.querySelectorAll('.on' + event)).forEach(function (element) {","                element.addEventListener(event, local.testRunBrowser);","            });","        });","        // run tests","        local.testRunBrowser();","        break;","","","","    // run node js-env code - init-after","    /* istanbul ignore next */","    case 'node':","        // export local","        module.exports = local;","        // require modules","        local.fs = require('fs');","        local.http = require('http');","        local.url = require('url');","        // init assets","        local.assetsDict = local.assetsDict || {};","        /* jslint-ignore-begin */","        local.assetsDict['/assets.index.template.html'] = '\\","<!doctype html>\\n\\","<html lang=\"en\">\\n\\","<head>\\n\\","<meta charset=\"UTF-8\">\\n\\","<meta name=\"viewport\" content=\"width=device-width, initial-scale=1\">\\n\\","<title>{{env.npm_package_name}} (v{{env.npm_package_version}})</title>\\n\\","<style>\\n\\","/*csslint\\n\\","    box-sizing: false,\\n\\","    universal-selector: false\\n\\","*/\\n\\","* {\\n\\","    box-sizing: border-box;\\n\\","}\\n\\","body {\\n\\","    background: #dde;\\n\\","    font-family: Arial, Helvetica, sans-serif;\\n\\","    margin: 2rem;\\n\\","}\\n\\","body > * {\\n\\","    margin-bottom: 1rem;\\n\\","}\\n\\",".utility2FooterDiv {\\n\\","    margin-top: 20px;\\n\\","    text-align: center;\\n\\","}\\n\\","</style>\\n\\","<style>\\n\\","/*csslint\\n\\","*/\\n\\","textarea {\\n\\","    font-family: monospace;\\n\\","    height: 10rem;\\n\\","    width: 100%;\\n\\","}\\n\\","textarea[readonly] {\\n\\","    background: #ddd;\\n\\","}\\n\\","</style>\\n\\","</head>\\n\\","<body>\\n\\","<!-- utility2-comment\\n\\","<div id=\"ajaxProgressDiv1\" style=\"background: #d00; height: 2px; left: 0; margin: 0; padding: 0; position: fixed; top: 0; transition: background 0.5s, width 1.5s; width: 25%;\"></div>\\n\\","utility2-comment -->\\n\\","<h1>\\n\\","<!-- utility2-comment\\n\\","    <a\\n\\","        {{#if env.npm_package_homepage}}\\n\\","        href=\"{{env.npm_package_homepage}}\"\\n\\","        {{/if env.npm_package_homepage}}\\n\\","        target=\"_blank\"\\n\\","    >\\n\\","utility2-comment -->\\n\\","        {{env.npm_package_name}} (v{{env.npm_package_version}})\\n\\","<!-- utility2-comment\\n\\","    </a>\\n\\","utility2-comment -->\\n\\","</h1>\\n\\","<h3>{{env.npm_package_description}}</h3>\\n\\","<!-- utility2-comment\\n\\","<h4><a download href=\"assets.app.js\">download standalone app</a></h4>\\n\\","<button class=\"onclick onreset\" id=\"testRunButton1\">run internal test</button><br>\\n\\","<div id=\"testReportDiv1\" style=\"display: none;\"></div>\\n\\","utility2-comment -->\\n\\","\\n\\","\\n\\","\\n\\","<label>stderr and stdout</label>\\n\\","<textarea class=\"resettable\" id=\"outputTextareaStdout1\" readonly></textarea>\\n\\","<!-- utility2-comment\\n\\","{{#if isRollup}}\\n\\","<script src=\"assets.app.js\"></script>\\n\\","{{#unless isRollup}}\\n\\","utility2-comment -->\\n\\","<script src=\"assets.utility2.rollup.js\"></script>\\n\\","<script src=\"jsonp.utility2._stateInit?callback=window.utility2._stateInit\"></script>\\n\\","<script src=\"assets.npmtest_wd.rollup.js\"></script>\\n\\","<script src=\"assets.example.js\"></script>\\n\\","<script src=\"assets.test.js\"></script>\\n\\","<!-- utility2-comment\\n\\","{{/if isRollup}}\\n\\","utility2-comment -->\\n\\","<div class=\"utility2FooterDiv\">\\n\\","    [ this app was created with\\n\\","    <a href=\"https://github.com/kaizhu256/node-utility2\" target=\"_blank\">utility2</a>\\n\\","    ]\\n\\","</div>\\n\\","</body>\\n\\","</html>\\n\\","';","        /* jslint-ignore-end */","        if (local.templateRender) {","            local.assetsDict['/'] = local.templateRender(","                local.assetsDict['/assets.index.template.html'],","                {","                    env: local.objectSetDefault(local.env, {","                        npm_package_description: 'the greatest app in the world!',","                        npm_package_name: 'my-app',","                        npm_package_nameAlias: 'my_app',","                        npm_package_version: '0.0.1'","                    })","                }","            );","        } else {","            local.assetsDict['/'] = local.assetsDict['/assets.index.template.html']","                .replace((/\\{\\{env\\.(\\w+?)\\}\\}/g), function (match0, match1) {","                    // jslint-hack","                    String(match0);","                    switch (match1) {","                    case 'npm_package_description':","                        return 'the greatest app in the world!';","                    case 'npm_package_name':","                        return 'my-app';","                    case 'npm_package_nameAlias':","                        return 'my_app';","                    case 'npm_package_version':","                        return '0.0.1';","                    }","                });","        }","        // run the cli","        if (local.global.utility2_rollup || module !== require.main) {","            break;","        }","        local.assetsDict['/assets.example.js'] =","            local.assetsDict['/assets.example.js'] ||","            local.fs.readFileSync(__filename, 'utf8');","        // bug-workaround - long $npm_package_buildCustomOrg","        /* jslint-ignore-begin */","        local.assetsDict['/assets.npmtest_wd.rollup.js'] =","            local.assetsDict['/assets.npmtest_wd.rollup.js'] ||","            local.fs.readFileSync(","                local.npmtest_wd.__dirname + '/lib.npmtest_wd.js',","                'utf8'","            ).replace((/^#!/), '//');","        /* jslint-ignore-end */","        local.assetsDict['/favicon.ico'] = local.assetsDict['/favicon.ico'] || '';","        // if $npm_config_timeout_exit exists,","        // then exit this process after $npm_config_timeout_exit ms","        if (Number(process.env.npm_config_timeout_exit)) {","            setTimeout(process.exit, Number(process.env.npm_config_timeout_exit));","        }","        // start server","        if (local.global.utility2_serverHttp1) {","            break;","        }","        process.env.PORT = process.env.PORT || '8081';","        console.error('server starting on port ' + process.env.PORT);","        local.http.createServer(function (request, response) {","            request.urlParsed = local.url.parse(request.url);","            if (local.assetsDict[request.urlParsed.pathname] !== undefined) {","                response.end(local.assetsDict[request.urlParsed.pathname]);","                return;","            }","            response.statusCode = 404;","            response.end();","        }).listen(process.env.PORT);","        break;","    }","}());",""],"l":{"26":2,"28":2,"33":2,"35":2,"37":2,"38":2,"39":2,"44":1,"51":2,"55":2,"59":2,"61":2,"69":1,"70":2,"76":2,"79":2,"82":2,"83":2,"85":1,"89":2,"92":1,"93":1,"94":1,"96":1,"97":1,"100":1,"101":1,"103":1,"106":1,"108":2,"114":1,"116":1,"118":1,"123":1,"124":2,"125":2,"126":3,"127":3,"128":3,"129":3,"130":1,"133":3,"134":3,"139":3,"143":1,"144":3,"145":1,"149":1,"150":1,"158":1,"160":1,"161":1,"162":1,"164":1,"166":1,"258":1,"259":1,"271":1,"274":6,"275":6,"277":1,"279":2,"281":1,"283":2,"288":1,"289":1,"291":1,"296":1,"303":1,"306":1,"307":1,"310":1,"311":1,"313":1,"314":1,"315":1,"316":1,"317":1,"318":1,"319":1,"321":1,"322":1,"324":1}},"/home/travis/build/npmtest/node-npmtest-wd/node_modules/wd/lib/main.js":{"path":"/home/travis/build/npmtest/node-npmtest-wd/node_modules/wd/lib/main.js","s":{"1":1,"2":1,"3":0,"4":0,"5":0,"6":0,"7":0,"8":0,"9":0,"10":0,"11":0,"12":0,"13":0,"14":0,"15":0,"16":0,"17":0,"18":0,"19":0,"20":0,"21":0,"22":0,"23":0,"24":0,"25":0,"26":0,"27":0,"28":1,"29":0,"30":0,"31":0,"32":0,"33":0,"34":0,"35":0,"36":0,"37":0,"38":0,"39":0,"40":0,"41":1,"42":1,"43":0,"44":0,"45":0,"46":0,"47":0,"48":0,"49":1,"50":1,"51":1,"52":1,"53":1,"54":1,"55":1,"56":1,"57":0,"58":0,"59":0,"60":0,"61":0,"62":0,"63":1,"64":0,"65":0,"66":0,"67":0,"68":0,"69":0,"70":1,"71":0,"72":0,"73":0,"74":0,"75":0,"76":1,"77":0,"78":0,"79":0,"80":0,"81":0,"82":1,"83":0,"84":0,"85":0,"86":1,"87":0,"88":0,"89":0,"90":1,"91":0,"92":0,"93":0,"94":1,"95":0,"96":0,"97":0,"98":1,"99":0,"100":0,"101":0,"102":1,"103":0,"104":0,"105":0,"106":1,"107":1,"108":0,"109":0,"110":0,"111":0,"112":0,"113":0},"b":{"1":[0,0],"2":[0,0,0],"3":[0,0],"4":[0,0],"5":[0,0],"6":[0,0],"7":[0,0],"8":[0,0],"9":[0,0],"10":[0,0],"11":[0,0],"12":[0,0],"13":[0,0],"14":[0,0],"15":[0,0],"16":[0,0],"17":[0,0,0],"18":[0,0],"19":[0,0],"20":[0,0],"21":[0,0],"22":[0,0],"23":[0,0],"24":[0,0],"25":[0,0],"26":[0,0]},"f":{"1":0,"2":0,"3":0,"4":1,"5":0,"6":0,"7":0,"8":0,"9":0,"10":0,"11":0,"12":0,"13":0,"14":0,"15":0,"16":0,"17":0,"18":0,"19":0,"20":0,"21":0},"fnMap":{"1":{"name":"buildConfigUrl","line":13,"loc":{"start":{"line":13,"column":0},"end":{"line":14,"column":0}}},"2":{"name":"(anonymous_2)","line":71,"loc":{"start":{"line":71,"column":26},"end":{"line":71,"column":41}}},"3":{"name":"remote","line":113,"loc":{"start":{"line":113,"column":0},"end":{"line":113,"column":18}}},"4":{"name":"wrap","line":127,"loc":{"start":{"line":127,"column":0},"end":{"line":127,"column":16}}},"5":{"name":"addPromiseChainMethod","line":138,"loc":{"start":{"line":138,"column":0},"end":{"line":138,"column":45}}},"6":{"name":"(anonymous_6)","line":139,"loc":{"start":{"line":139,"column":22},"end":{"line":139,"column":33}}},"7":{"name":"addElementPromiseChainMethod","line":148,"loc":{"start":{"line":148,"column":0},"end":{"line":148,"column":52}}},"8":{"name":"(anonymous_8)","line":149,"loc":{"start":{"line":149,"column":22},"end":{"line":149,"column":33}}},"9":{"name":"addPromiseMethod","line":158,"loc":{"start":{"line":158,"column":0},"end":{"line":158,"column":40}}},"10":{"name":"(anonymous_10)","line":159,"loc":{"start":{"line":159,"column":22},"end":{"line":159,"column":33}}},"11":{"name":"addElementPromiseMethod","line":167,"loc":{"start":{"line":167,"column":0},"end":{"line":167,"column":47}}},"12":{"name":"(anonymous_12)","line":168,"loc":{"start":{"line":168,"column":22},"end":{"line":168,"column":33}}},"13":{"name":"addAsyncMethod","line":176,"loc":{"start":{"line":176,"column":0},"end":{"line":176,"column":38}}},"14":{"name":"addElementAsyncMethod","line":182,"loc":{"start":{"line":182,"column":0},"end":{"line":182,"column":45}}},"15":{"name":"removeMethod","line":188,"loc":{"start":{"line":188,"column":0},"end":{"line":188,"column":28}}},"16":{"name":"asyncRemote","line":195,"loc":{"start":{"line":195,"column":0},"end":{"line":195,"column":23}}},"17":{"name":"promiseRemote","line":202,"loc":{"start":{"line":202,"column":0},"end":{"line":202,"column":25}}},"18":{"name":"promiseChainRemote","line":209,"loc":{"start":{"line":209,"column":0},"end":{"line":209,"column":30}}},"19":{"name":"(anonymous_19)","line":237,"loc":{"start":{"line":237,"column":10},"end":{"line":237,"column":21}}},"20":{"name":"(anonymous_20)","line":254,"loc":{"start":{"line":254,"column":17},"end":{"line":254,"column":28}}},"21":{"name":"(anonymous_21)","line":321,"loc":{"start":{"line":321,"column":18},"end":{"line":321,"column":49}}}},"statementMap":{"1":{"start":{"line":1,"column":0},"end":{"line":11,"column":35}},"2":{"start":{"line":13,"column":0},"end":{"line":68,"column":1}},"3":{"start":{"line":15,"column":2},"end":{"line":15,"column":44}},"4":{"start":{"line":18,"column":2},"end":{"line":22,"column":3}},"5":{"start":{"line":20,"column":4},"end":{"line":20,"column":40}},"6":{"start":{"line":21,"column":4},"end":{"line":21,"column":26}},"7":{"start":{"line":25,"column":2},"end":{"line":28,"column":3}},"8":{"start":{"line":26,"column":4},"end":{"line":26,"column":40}},"9":{"start":{"line":27,"column":4},"end":{"line":27,"column":30}},"10":{"start":{"line":31,"column":2},"end":{"line":34,"column":3}},"11":{"start":{"line":32,"column":4},"end":{"line":32,"column":40}},"12":{"start":{"line":33,"column":4},"end":{"line":33,"column":31}},"13":{"start":{"line":37,"column":2},"end":{"line":40,"column":3}},"14":{"start":{"line":38,"column":4},"end":{"line":38,"column":34}},"15":{"start":{"line":39,"column":4},"end":{"line":39,"column":27}},"16":{"start":{"line":43,"column":2},"end":{"line":46,"column":3}},"17":{"start":{"line":44,"column":4},"end":{"line":44,"column":40}},"18":{"start":{"line":45,"column":4},"end":{"line":45,"column":26}},"19":{"start":{"line":49,"column":2},"end":{"line":53,"column":3}},"20":{"start":{"line":50,"column":4},"end":{"line":50,"column":58}},"21":{"start":{"line":51,"column":4},"end":{"line":51,"column":26}},"22":{"start":{"line":52,"column":4},"end":{"line":52,"column":25}},"23":{"start":{"line":55,"column":2},"end":{"line":60,"column":5}},"24":{"start":{"line":63,"column":2},"end":{"line":63,"column":54}},"25":{"start":{"line":64,"column":2},"end":{"line":66,"column":3}},"26":{"start":{"line":65,"column":4},"end":{"line":65,"column":75}},"27":{"start":{"line":67,"column":2},"end":{"line":67,"column":16}},"28":{"start":{"line":71,"column":0},"end":{"line":100,"column":2}},"29":{"start":{"line":72,"column":2},"end":{"line":72,"column":13}},"30":{"start":{"line":73,"column":2},"end":{"line":89,"column":3}},"31":{"start":{"line":74,"column":4},"end":{"line":79,"column":5}},"32":{"start":{"line":76,"column":6},"end":{"line":76,"column":23}},"33":{"start":{"line":78,"column":6},"end":{"line":78,"column":41}},"34":{"start":{"line":80,"column":9},"end":{"line":89,"column":3}},"35":{"start":{"line":81,"column":4},"end":{"line":81,"column":32}},"36":{"start":{"line":83,"column":4},"end":{"line":88,"column":8}},"37":{"start":{"line":92,"column":2},"end":{"line":97,"column":3}},"38":{"start":{"line":94,"column":4},"end":{"line":96,"column":5}},"39":{"start":{"line":95,"column":6},"end":{"line":95,"column":84}},"40":{"start":{"line":99,"column":2},"end":{"line":99,"column":16}},"41":{"start":{"line":102,"column":0},"end":{"line":102,"column":81}},"42":{"start":{"line":113,"column":0},"end":{"line":125,"column":1}},"43":{"start":{"line":114,"column":2},"end":{"line":114,"column":69}},"44":{"start":{"line":115,"column":2},"end":{"line":119,"column":4}},"45":{"start":{"line":120,"column":2},"end":{"line":120,"column":51}},"46":{"start":{"line":121,"column":2},"end":{"line":121,"column":80}},"47":{"start":{"line":123,"column":2},"end":{"line":123,"column":38}},"48":{"start":{"line":124,"column":2},"end":{"line":124,"column":45}},"49":{"start":{"line":127,"column":0},"end":{"line":134,"column":1}},"50":{"start":{"line":128,"column":2},"end":{"line":128,"column":80}},"51":{"start":{"line":129,"column":2},"end":{"line":129,"column":52}},"52":{"start":{"line":130,"column":2},"end":{"line":130,"column":48}},"53":{"start":{"line":131,"column":2},"end":{"line":131,"column":84}},"54":{"start":{"line":132,"column":2},"end":{"line":132,"column":62}},"55":{"start":{"line":133,"column":2},"end":{"line":133,"column":58}},"56":{"start":{"line":138,"column":0},"end":{"line":146,"column":1}},"57":{"start":{"line":139,"column":2},"end":{"line":144,"column":4}},"58":{"start":{"line":140,"column":4},"end":{"line":140,"column":71}},"59":{"start":{"line":141,"column":4},"end":{"line":141,"column":50}},"60":{"start":{"line":142,"column":4},"end":{"line":142,"column":26}},"61":{"start":{"line":143,"column":4},"end":{"line":143,"column":19}},"62":{"start":{"line":145,"column":2},"end":{"line":145,"column":56}},"63":{"start":{"line":148,"column":0},"end":{"line":156,"column":1}},"64":{"start":{"line":149,"column":2},"end":{"line":154,"column":4}},"65":{"start":{"line":150,"column":4},"end":{"line":150,"column":71}},"66":{"start":{"line":151,"column":4},"end":{"line":151,"column":50}},"67":{"start":{"line":152,"column":4},"end":{"line":152,"column":26}},"68":{"start":{"line":153,"column":4},"end":{"line":153,"column":19}},"69":{"start":{"line":155,"column":2},"end":{"line":155,"column":54}},"70":{"start":{"line":158,"column":0},"end":{"line":165,"column":1}},"71":{"start":{"line":159,"column":2},"end":{"line":162,"column":4}},"72":{"start":{"line":160,"column":4},"end":{"line":160,"column":71}},"73":{"start":{"line":161,"column":4},"end":{"line":161,"column":43}},"74":{"start":{"line":163,"column":2},"end":{"line":163,"column":51}},"75":{"start":{"line":164,"column":2},"end":{"line":164,"column":38}},"76":{"start":{"line":167,"column":0},"end":{"line":174,"column":1}},"77":{"start":{"line":168,"column":2},"end":{"line":171,"column":4}},"78":{"start":{"line":169,"column":4},"end":{"line":169,"column":71}},"79":{"start":{"line":170,"column":4},"end":{"line":170,"column":43}},"80":{"start":{"line":172,"column":2},"end":{"line":172,"column":49}},"81":{"start":{"line":173,"column":2},"end":{"line":173,"column":45}},"82":{"start":{"line":176,"column":0},"end":{"line":180,"column":1}},"83":{"start":{"line":177,"column":2},"end":{"line":177,"column":37}},"84":{"start":{"line":178,"column":2},"end":{"line":178,"column":73}},"85":{"start":{"line":179,"column":2},"end":{"line":179,"column":83}},"86":{"start":{"line":182,"column":0},"end":{"line":186,"column":1}},"87":{"start":{"line":183,"column":2},"end":{"line":183,"column":35}},"88":{"start":{"line":184,"column":2},"end":{"line":184,"column":71}},"89":{"start":{"line":185,"column":2},"end":{"line":185,"column":81}},"90":{"start":{"line":188,"column":0},"end":{"line":192,"column":1}},"91":{"start":{"line":189,"column":2},"end":{"line":189,"column":35}},"92":{"start":{"line":190,"column":2},"end":{"line":190,"column":42}},"93":{"start":{"line":191,"column":2},"end":{"line":191,"column":47}},"94":{"start":{"line":195,"column":0},"end":{"line":199,"column":1}},"95":{"start":{"line":196,"column":2},"end":{"line":196,"column":69}},"96":{"start":{"line":197,"column":2},"end":{"line":197,"column":38}},"97":{"start":{"line":198,"column":2},"end":{"line":198,"column":28}},"98":{"start":{"line":202,"column":0},"end":{"line":206,"column":1}},"99":{"start":{"line":203,"column":2},"end":{"line":203,"column":69}},"100":{"start":{"line":204,"column":2},"end":{"line":204,"column":38}},"101":{"start":{"line":205,"column":2},"end":{"line":205,"column":35}},"102":{"start":{"line":209,"column":0},"end":{"line":213,"column":1}},"103":{"start":{"line":210,"column":2},"end":{"line":210,"column":69}},"104":{"start":{"line":211,"column":2},"end":{"line":211,"column":38}},"105":{"start":{"line":212,"column":2},"end":{"line":212,"column":40}},"106":{"start":{"line":216,"column":0},"end":{"line":216,"column":7}},"107":{"start":{"line":218,"column":0},"end":{"line":326,"column":2}},"108":{"start":{"line":238,"column":4},"end":{"line":239,"column":63}},"109":{"start":{"line":240,"column":4},"end":{"line":240,"column":11}},"110":{"start":{"line":254,"column":30},"end":{"line":254,"column":66}},"111":{"start":{"line":322,"column":4},"end":{"line":322,"column":27}},"112":{"start":{"line":323,"column":4},"end":{"line":323,"column":23}},"113":{"start":{"line":324,"column":4},"end":{"line":324,"column":11}}},"branchMap":{"1":{"line":18,"type":"if","locations":[{"start":{"line":18,"column":2},"end":{"line":18,"column":2}},{"start":{"line":18,"column":2},"end":{"line":18,"column":2}}]},"2":{"line":18,"type":"binary-expr","locations":[{"start":{"line":18,"column":6},"end":{"line":18,"column":20}},{"start":{"line":18,"column":25},"end":{"line":18,"column":56}},{"start":{"line":18,"column":61},"end":{"line":18,"column":75}}]},"3":{"line":25,"type":"if","locations":[{"start":{"line":25,"column":2},"end":{"line":25,"column":2}},{"start":{"line":25,"column":2},"end":{"line":25,"column":2}}]},"4":{"line":31,"type":"if","locations":[{"start":{"line":31,"column":2},"end":{"line":31,"column":2}},{"start":{"line":31,"column":2},"end":{"line":31,"column":2}}]},"5":{"line":37,"type":"if","locations":[{"start":{"line":37,"column":2},"end":{"line":37,"column":2}},{"start":{"line":37,"column":2},"end":{"line":37,"column":2}}]},"6":{"line":43,"type":"if","locations":[{"start":{"line":43,"column":2},"end":{"line":43,"column":2}},{"start":{"line":43,"column":2},"end":{"line":43,"column":2}}]},"7":{"line":49,"type":"if","locations":[{"start":{"line":49,"column":2},"end":{"line":49,"column":2}},{"start":{"line":49,"column":2},"end":{"line":49,"column":2}}]},"8":{"line":49,"type":"binary-expr","locations":[{"start":{"line":49,"column":5},"end":{"line":49,"column":19}},{"start":{"line":49,"column":23},"end":{"line":49,"column":36}}]},"9":{"line":64,"type":"if","locations":[{"start":{"line":64,"column":2},"end":{"line":64,"column":2}},{"start":{"line":64,"column":2},"end":{"line":64,"column":2}}]},"10":{"line":73,"type":"if","locations":[{"start":{"line":73,"column":2},"end":{"line":73,"column":2}},{"start":{"line":73,"column":2},"end":{"line":73,"column":2}}]},"11":{"line":74,"type":"if","locations":[{"start":{"line":74,"column":4},"end":{"line":74,"column":4}},{"start":{"line":74,"column":4},"end":{"line":74,"column":4}}]},"12":{"line":74,"type":"binary-expr","locations":[{"start":{"line":74,"column":7},"end":{"line":74,"column":19}},{"start":{"line":74,"column":23},"end":{"line":74,"column":37}}]},"13":{"line":80,"type":"if","locations":[{"start":{"line":80,"column":9},"end":{"line":80,"column":9}},{"start":{"line":80,"column":9},"end":{"line":80,"column":9}}]},"14":{"line":80,"type":"binary-expr","locations":[{"start":{"line":80,"column":13},"end":{"line":80,"column":42}},{"start":{"line":80,"column":47},"end":{"line":80,"column":76}}]},"15":{"line":92,"type":"if","locations":[{"start":{"line":92,"column":2},"end":{"line":92,"column":2}},{"start":{"line":92,"column":2},"end":{"line":92,"column":2}}]},"16":{"line":94,"type":"if","locations":[{"start":{"line":94,"column":4},"end":{"line":94,"column":4}},{"start":{"line":94,"column":4},"end":{"line":94,"column":4}}]},"17":{"line":94,"type":"binary-expr","locations":[{"start":{"line":94,"column":7},"end":{"line":94,"column":19}},{"start":{"line":94,"column":23},"end":{"line":94,"column":49}},{"start":{"line":94,"column":53},"end":{"line":94,"column":81}}]},"18":{"line":114,"type":"cond-expr","locations":[{"start":{"line":114,"column":37},"end":{"line":114,"column":63}},{"start":{"line":114,"column":66},"end":{"line":114,"column":68}}]},"19":{"line":121,"type":"cond-expr","locations":[{"start":{"line":121,"column":59},"end":{"line":121,"column":69}},{"start":{"line":121,"column":72},"end":{"line":121,"column":79}}]},"20":{"line":140,"type":"cond-expr","locations":[{"start":{"line":140,"column":39},"end":{"line":140,"column":65}},{"start":{"line":140,"column":68},"end":{"line":140,"column":70}}]},"21":{"line":150,"type":"cond-expr","locations":[{"start":{"line":150,"column":39},"end":{"line":150,"column":65}},{"start":{"line":150,"column":68},"end":{"line":150,"column":70}}]},"22":{"line":160,"type":"cond-expr","locations":[{"start":{"line":160,"column":39},"end":{"line":160,"column":65}},{"start":{"line":160,"column":68},"end":{"line":160,"column":70}}]},"23":{"line":169,"type":"cond-expr","locations":[{"start":{"line":169,"column":39},"end":{"line":169,"column":65}},{"start":{"line":169,"column":68},"end":{"line":169,"column":70}}]},"24":{"line":196,"type":"cond-expr","locations":[{"start":{"line":196,"column":37},"end":{"line":196,"column":63}},{"start":{"line":196,"column":66},"end":{"line":196,"column":68}}]},"25":{"line":203,"type":"cond-expr","locations":[{"start":{"line":203,"column":37},"end":{"line":203,"column":63}},{"start":{"line":203,"column":66},"end":{"line":203,"column":68}}]},"26":{"line":210,"type":"cond-expr","locations":[{"start":{"line":210,"column":37},"end":{"line":210,"column":63}},{"start":{"line":210,"column":66},"end":{"line":210,"column":68}}]}},"code":["var __slice = Array.prototype.slice,","    url = require('url'),","    SPECIAL_KEYS = require('./special-keys'),","    Webdriver = require('./webdriver'),","    Element = require('./element'),","    utils = require('./utils'),","    deprecator = utils.deprecator,","    config = require('./config'),","    _ = require(\"./lodash\"),","    Q = require('q'),","    actions = require('./actions');","","function buildConfigUrl(remoteWdConfig)","{","  var configUrl = _(remoteWdConfig).clone();","","  // for backward compatibility","  if( configUrl.host && (configUrl.host.indexOf(':') < 0) && configUrl.port )","  {","    configUrl.hostname = configUrl.host;","    delete configUrl.host;","  }","","  // for backward compatibility","  if(configUrl.username){","    configUrl.user = configUrl.username;","    delete configUrl.username;","  }","","  // for backward compatibility","  if(configUrl.accessKey){","    configUrl.pwd = configUrl.accessKey;","    delete configUrl.accessKey;","  }","","  // for backward compatibility","  if(configUrl.https){","    configUrl.protocol = 'https:';","    delete configUrl.https;","  }","","  // for backward compatibility","  if(configUrl.path){","    configUrl.pathname = configUrl.path;","    delete configUrl.path;","  }","","  // setting auth from user/password","  if(configUrl.user && configUrl.pwd){","    configUrl.auth = configUrl.user + ':' + configUrl.pwd;","    delete configUrl.user;","    delete configUrl.pwd;","  }","","  _.defaults(configUrl, {","    protocol: 'http:',","    hostname: '127.0.0.1',","    port: '4444',","    pathname: '/wd/hub'","  });","","  // strip any trailing slashes from pathname","  var parsed = url.parse(url.format(configUrl), true);","  if (parsed.pathname[parsed.pathname.length - 1] === '/') {","    parsed.pathname = parsed.pathname.slice(0, parsed.pathname.length - 1);","  }","  return parsed;","}","","// parses server parameters","var parseRemoteWdConfig = function(args) {","  var config;","  if ((typeof args[0]) === 'object') {","    if(args[0].href && args[0].format){","      // was constructed with url.parse, so we don't modify it","      config = args[0];","    } else {","      config = buildConfigUrl( args[0] );","    }","  } else if ((typeof args[0]) === 'string' && (args[0].match(/^https?:\\/\\//)))  {","    config = url.parse(args[0]);","  } else {","    config = buildConfigUrl( {","      hostname: args[0],","      port: args[1],","      user: args[2],","      pwd: args[3]","    } );","  }","","  // saucelabs automatic config","  if( /saucelabs\\.com/.exec(config.hostname) )","  {","    if(!config.auth && process.env.SAUCE_USERNAME && process.env.SAUCE_ACCESS_KEY){","      config.auth = process.env.SAUCE_USERNAME + ':' + process.env.SAUCE_ACCESS_KEY;","    }","  }","","  return config;","};","","var PromiseWebdriver, PromiseElement, PromiseChainWebdriver, PromiseChainElement;","","// Creates the Webdriver object","// server parameters can be passed in 4 ways","//   - as a url string","//   - as a url object, constructed via url.parse","//   - as a list of arguments host,port, user, pwd","//   - as an option object containing the fields above","// A `driverType` string may be passed at the end of the argument list.","// If it is a valid type it will be detected even if the other arguments","// are ommited. Valide types are: `remote`, `promise` and `promiseChain`.","function remote() {","  var args = 1 <= arguments.length ? __slice.call(arguments, 0) : [];","  var driverProtos = {","    'async': Webdriver,","    'promise': PromiseWebdriver,","    'promiseChain': PromiseChainWebdriver","  };","  var driverTypes = _(driverProtos).keys().value();","  var driverType = driverTypes.indexOf(_(args).last())>0 ? args.pop() : 'async';","","  var rwc = parseRemoteWdConfig(args);","  return new (driverProtos[driverType])(rwc);","}","","function wrap() {","  var promiseProtos = require('./promise-webdriver')(Webdriver, Element, false);","  PromiseWebdriver = promiseProtos.PromiseWebdriver;","  PromiseElement = promiseProtos.PromiseElement;","  var promiseChainProtos = require('./promise-webdriver')(Webdriver, Element, true);","  PromiseChainWebdriver = promiseChainProtos.PromiseWebdriver;","  PromiseChainElement = promiseChainProtos.PromiseElement;","}","","// todo: allow adding element methods","","function addPromiseChainMethod(name, method) {","  var wrappedMethod = function() {","    var args = 1 <= arguments.length ? __slice.call(arguments, 0) : [];","    var promise = new Q(method.apply(this, args));","    this._enrich(promise);","    return promise;","  };","  PromiseChainWebdriver.prototype[name] = wrappedMethod;","}","","function addElementPromiseChainMethod(name, method) {","  var wrappedMethod = function() {","    var args = 1 <= arguments.length ? __slice.call(arguments, 0) : [];","    var promise = new Q(method.apply(this, args));","    this._enrich(promise);","    return promise;","  };","  PromiseChainElement.prototype[name] = wrappedMethod;","}","","function addPromiseMethod(name, method) {","  var wrappedMethod = function() {","    var args = 1 <= arguments.length ? __slice.call(arguments, 0) : [];","    return new Q(method.apply(this, args));","  };","  PromiseWebdriver.prototype[name] = wrappedMethod;","  addPromiseChainMethod(name, method);","}","","function addElementPromiseMethod(name, method) {","  var wrappedMethod = function() {","    var args = 1 <= arguments.length ? __slice.call(arguments, 0) : [];","    return new Q(method.apply(this, args));","  };","  PromiseElement.prototype[name] = wrappedMethod;","  addElementPromiseChainMethod(name, method);","}","","function addAsyncMethod(name, method) {","  Webdriver.prototype[name] = method;","  PromiseWebdriver.prototype[name] = PromiseWebdriver._wrapAsync(method);","  PromiseChainWebdriver.prototype[name] = PromiseChainWebdriver._wrapAsync(method);","}","","function addElementAsyncMethod(name, method) {","  Element.prototype[name] = method;  ","  PromiseElement.prototype[name] = PromiseWebdriver._wrapAsync(method);","  PromiseChainElement.prototype[name] = PromiseChainWebdriver._wrapAsync(method);","}","","function removeMethod(name) {","  delete Webdriver.prototype[name];","  delete PromiseWebdriver.prototype[name];","  delete PromiseChainWebdriver.prototype[name];","}","","// creates a webdriver object using the Q promise wrap not chained","function asyncRemote() {","  var args = 1 <= arguments.length ? __slice.call(arguments, 0) : [];","  var rwc = parseRemoteWdConfig(args);","  return new Webdriver(rwc);","}","","// creates a webdriver object using the Q promise wrap not chained","function promiseRemote() {","  var args = 1 <= arguments.length ? __slice.call(arguments, 0) : [];","  var rwc = parseRemoteWdConfig(args);","  return new PromiseWebdriver(rwc);","}","","// creates a webdriver object using the Q promise wrap chained","function promiseChainRemote() {","  var args = 1 <= arguments.length ? __slice.call(arguments, 0) : [];","  var rwc = parseRemoteWdConfig(args);","  return new PromiseChainWebdriver(rwc);","}","","// initial wrapping","wrap();","","module.exports = {","  // Retrieves browser","  remote: remote,","  asyncRemote: asyncRemote,","","  // Retrieves wrap browser","  promiseRemote: promiseRemote,","  promiseChainRemote: promiseChainRemote,","","  // Webdriver and Wrapper base classes","  Webdriver: Webdriver,","  webdriver: Webdriver, // for backward compatibility","  Element: Element,","  PromiseChainWebdriver: PromiseChainWebdriver,","  PromiseWebdriver: PromiseWebdriver,","  TouchAction: actions.TouchAction,","  MultiAction: actions.MultiAction,","","  // Actualizes promise wrappers","  rewrap: function() {","    deprecator.warn('rewrap',","    'rewrap has been deprecated, use addAsyncMethod instead.');","    wrap();","  },","","  // config","  /**","   * wd.configureHttp(opts)","   *","   * opts example:","   * {timeout:60000, retries: 3, 'retryDelay': 15, baseUrl='http://example.com/'}","   * more info in README.","   *","   * @wd","   */","  configureHttp: config.configureHttp,","  getHttpConfig: function() { return _(config.httpConfig).clone(); },","","  // deprecation","  /**","   * wd.showHideDeprecation(boolean)","   *","   * @wd","   */","  showHideDeprecation: deprecator.showHideDeprecation.bind(deprecator),","","  // add/remove methods","  /**","   * wd.addAsyncMethod(name, func)","   *","   * @wd","   */","  addAsyncMethod: addAsyncMethod,","  /**","   * wd.addElementAsyncMethod(name, func)","   *","   * @wd","   */","  addElementAsyncMethod: addElementAsyncMethod,","  /**","   * wd.addPromiseMethod(name, func)","   *","   * @wd","   */","  addPromiseMethod: addPromiseMethod,","  /**","   * wd.addElementPromiseMethod(name, func)","   *","   * @wd","   */","  addElementPromiseMethod: addElementPromiseMethod,","  /**","   * wd.addPromiseChainMethod(name, func)","   *","   * @wd","   */","  addPromiseChainMethod: addPromiseChainMethod,","  /**","   * wd.addElementPromiseChainMethod(name, func)","   *","   * @wd","   */","  addElementPromiseChainMethod: addElementPromiseChainMethod,","  /**","   * wd.removeMethod(name, func)","   *","   * @wd","   */","  removeMethod: removeMethod,","","  // Useful stuff","  Asserter: require('./asserters').Asserter,","  asserters: require('./asserters'),","  SPECIAL_KEYS: SPECIAL_KEYS,","  Q: Q,","  findCallback: utils.findCallback,","  varargs: utils.varargs,","  transferPromiseness: utils.transferPromiseness,","","  // This is for people who write wrapper","  // todo: That should not be needed.","  utils: utils,","","  setBaseClasses: function(_Webdriver, _Element) {","    Webdriver = _Webdriver;","    Element = _Element;","    wrap();","  }","};",""],"l":{"1":1,"13":1,"15":0,"18":0,"20":0,"21":0,"25":0,"26":0,"27":0,"31":0,"32":0,"33":0,"37":0,"38":0,"39":0,"43":0,"44":0,"45":0,"49":0,"50":0,"51":0,"52":0,"55":0,"63":0,"64":0,"65":0,"67":0,"71":1,"72":0,"73":0,"74":0,"76":0,"78":0,"80":0,"81":0,"83":0,"92":0,"94":0,"95":0,"99":0,"102":1,"113":1,"114":0,"115":0,"120":0,"121":0,"123":0,"124":0,"127":1,"128":1,"129":1,"130":1,"131":1,"132":1,"133":1,"138":1,"139":0,"140":0,"141":0,"142":0,"143":0,"145":0,"148":1,"149":0,"150":0,"151":0,"152":0,"153":0,"155":0,"158":1,"159":0,"160":0,"161":0,"163":0,"164":0,"167":1,"168":0,"169":0,"170":0,"172":0,"173":0,"176":1,"177":0,"178":0,"179":0,"182":1,"183":0,"184":0,"185":0,"188":1,"189":0,"190":0,"191":0,"195":1,"196":0,"197":0,"198":0,"202":1,"203":0,"204":0,"205":0,"209":1,"210":0,"211":0,"212":0,"216":1,"218":1,"238":0,"240":0,"254":0,"322":0,"323":0,"324":0}},"/home/travis/build/npmtest/node-npmtest-wd/node_modules/wd/lib/special-keys.js":{"path":"/home/travis/build/npmtest/node-npmtest-wd/node_modules/wd/lib/special-keys.js","s":{"1":1,"2":1},"b":{},"f":{},"fnMap":{},"statementMap":{"1":{"start":{"line":1,"column":0},"end":{"line":58,"column":2}},"2":{"start":{"line":60,"column":0},"end":{"line":60,"column":30}}},"branchMap":{},"code":["var SPECIAL_KEYS = {","  'NULL': '\\uE000',","  'Cancel': '\\uE001',","  'Help': '\\uE002',","  'Back space': '\\uE003',","  'Tab': '\\uE004',","  'Clear': '\\uE005',","  'Return': '\\uE006',","  'Enter': '\\uE007',","  'Shift': '\\uE008',","  'Control': '\\uE009',","  'Alt': '\\uE00A',","  'Pause': '\\uE00B',","  'Escape': '\\uE00C',","  'Space': '\\uE00D',","  'Pageup': '\\uE00E',","  'Pagedown': '\\uE00F',","  'End': '\\uE010',","  'Home': '\\uE011',","  'Left arrow': '\\uE012',","  'Up arrow': '\\uE013',","  'Right arrow': '\\uE014',","  'Down arrow': '\\uE015',","  'Insert': '\\uE016',","  'Delete': '\\uE017',","  'Semicolon': '\\uE018',","  'Equals': '\\uE019',","  'Numpad 0': '\\uE01A',","  'Numpad 1': '\\uE01B',","  'Numpad 2': '\\uE01C',","  'Numpad 3': '\\uE01D',","  'Numpad 4': '\\uE01E',","  'Numpad 5': '\\uE01F',","  'Numpad 6': '\\uE020',","  'Numpad 7': '\\uE021',","  'Numpad 8': '\\uE022',","  'Numpad 9': '\\uE023',","  'Multiply': '\\uE024',","  'Add': '\\uE025',","  'Separator': '\\uE026',","  'Subtract': '\\uE027',","  'Decimal': '\\uE028',","  'Divide': '\\uE029',","  'F1': '\\uE031',","  'F2': '\\uE032',","  'F3': '\\uE033',","  'F4': '\\uE034',","  'F5': '\\uE035',","  'F6': '\\uE036',","  'F7': '\\uE037',","  'F8': '\\uE038',","  'F9': '\\uE039',","  'F10': '\\uE03A',","  'F11': '\\uE03B',","  'F12': '\\uE03C',","  'Command': '\\uE03D',","  'Meta': '\\uE03D'","};","","module.exports = SPECIAL_KEYS;",""],"l":{"1":1,"60":1}},"/home/travis/build/npmtest/node-npmtest-wd/node_modules/wd/lib/webdriver.js":{"path":"/home/travis/build/npmtest/node-npmtest-wd/node_modules/wd/lib/webdriver.js","s":{"1":1,"2":1,"3":0,"4":0,"5":0,"6":0,"7":0,"8":0,"9":0,"10":0,"11":0,"12":1,"13":1,"14":0,"15":1,"16":0,"17":0,"18":0,"19":0,"20":1,"21":0,"22":0,"23":0,"24":0,"25":1,"26":0,"27":0,"28":0,"29":1,"30":0,"31":0,"32":0,"33":0,"34":0,"35":0,"36":0,"37":0,"38":0,"39":0,"40":0,"41":0,"42":0,"43":0,"44":0,"45":0,"46":0,"47":0,"48":0,"49":0,"50":0,"51":0,"52":0,"53":0,"54":0,"55":0,"56":0,"57":0,"58":0,"59":0,"60":0,"61":0,"62":0,"63":0,"64":0,"65":0,"66":0,"67":0,"68":0,"69":0,"70":0,"71":0,"72":0,"73":1,"74":0,"75":0,"76":0,"77":0,"78":0,"79":0,"80":0,"81":0,"82":0,"83":0,"84":0,"85":0,"86":0,"87":0,"88":0,"89":0,"90":0,"91":0,"92":0,"93":1,"94":0,"95":0,"96":0,"97":0,"98":0,"99":0,"100":0,"101":0,"102":0,"103":0,"104":0,"105":0,"106":0,"107":0,"108":0,"109":0,"110":0,"111":1,"112":276,"113":0,"114":0,"115":0,"116":0,"117":0,"118":0,"119":0,"120":0,"121":0,"122":0,"123":0,"124":0,"125":0,"126":0},"b":{"1":[0,0],"2":[0,0],"3":[0,0],"4":[0,0],"5":[0,0,0,0],"6":[0,0],"7":[0,0],"8":[0,0],"9":[0,0],"10":[0,0],"11":[0,0],"12":[0,0],"13":[0,0],"14":[0,0],"15":[0,0],"16":[0,0],"17":[0,0],"18":[0,0],"19":[0,0],"20":[0,0],"21":[0,0],"22":[0,0],"23":[0,0],"24":[0,0],"25":[0,0]},"f":
[...]
}},"4":{"start":{"line":6,"column":2},"end":{"line":6,"column":10}},"5":{"start":{"line":7,"column":2},"end":{"line":19,"column":3}},"6":{"start":{"line":8,"column":4},"end":{"line":8,"column":30}},"7":{"start":{"line":9,"column":4},"end":{"line":15,"column":5}},"8":{"start":{"line":10,"column":6},"end":{"line":10,"column":14}},"9":{"start":{"line":12,"column":6},"end":{"line":14,"column":15}},"10":{"start":{"line":13,"column":8},"end":{"line":13,"column":61}},"11":{"start":{"line":17,"column":4},"end":{"line":17,"column":30}},"12":{"start":{"line":18,"column":4},"end":{"line":18,"column":19}},"13":{"start":{"line":21,"column":0},"end":{"line":21,"column":45}},"14":{"start":{"line":22,"column":0},"end":{"line":22,"column":48}}},"branchMap":{"1":{"line":7,"type":"if","locations":[{"start":{"line":7,"column":2},"end":{"line":7,"column":2}},{"start":{"line":7,"column":2},"end":{"line":7,"column":2}}]},"2":{"line":9,"type":"if","locations":[{"start":{"line":9,"column":4},"end":{"line":9,"column":4}},{"start":{"line":9,"column":4},"end":{"line":9,"column":4}}]}},"code":["/* jshint evil:true */","var args = Array.prototype.slice.call(arguments, 0);","var condExpr = args[0], timeout = args[1],","    poll = args[2], cb = args[3];","var waitForConditionImpl = function(conditionExpr, limit, poll, cb) {","  var res;","  if ((new Date().getTime()) < limit) {","    res = eval(conditionExpr);","    if (res === true ) {","      cb(res);","    } else {","      setTimeout(function() {","        waitForConditionImpl(conditionExpr, limit, poll, cb);","      }, poll);","    }","  } else {","    res = eval(conditionExpr);","    return cb(res);","  }","};","var limit = (new Date().getTime()) + timeout;","waitForConditionImpl(condExpr, limit, poll, cb);",""],"l":{"2":2,"3":2,"5":2,"6":2,"7":2,"8":0,"9":0,"10":0,"12":0,"13":0,"17":2,"18":2,"21":2,"22":2}},"/home/travis/build/npmtest/node-npmtest-wd/node_modules/wd/lib/bin.js":{"path":"/home/travis/build/npmtest/node-npmtest-wd/node_modules/wd/lib/bin.js","s":{"1":1,"2":1,"3":1,"4":0,"5":0,"6":0,"7":0,"8":0,"9":0,"10":0,"11":0,"12":0,"13":0,"14":0,"15":0,"16":0,"17":0,"18":1,"19":0},"b":{"1":[0,0],"2":[0,1]},"f":{"1":0,"2":0,"3":0,"4":0,"5":0},"fnMap":{"1":{"name":"(anonymous_1)","line":10,"loc":{"start":{"line":10,"column":16},"end":{"line":10,"column":27}}},"2":{"name":"(anonymous_2)","line":14,"loc":{"start":{"line":14,"column":19},"end":{"line":14,"column":30}}},"3":{"name":"(anonymous_3)","line":19,"loc":{"start":{"line":19,"column":32},"end":{"line":19,"column":50}}},"4":{"name":"(anonymous_4)","line":21,"loc":{"start":{"line":21,"column":33},"end":{"line":21,"column":44}}},"5":{"name":"(anonymous_5)","line":29,"loc":{"start":{"line":29,"column":15},"end":{"line":29,"column":27}}}},"statementMap":{"1":{"start":{"line":3,"column":0},"end":{"line":6,"column":27}},"2":{"start":{"line":8,"column":0},"end":{"line":8,"column":20}},"3":{"start":{"line":10,"column":0},"end":{"line":33,"column":2}},"4":{"start":{"line":11,"column":2},"end":{"line":11,"column":31}},"5":{"start":{"line":12,"column":2},"end":{"line":12,"column":28}},"6":{"start":{"line":13,"column":2},"end":{"line":13,"column":20}},"7":{"start":{"line":14,"column":2},"end":{"line":17,"column":4}},"8":{"start":{"line":15,"column":4},"end":{"line":15,"column":31}},"9":{"start":{"line":16,"column":4},"end":{"line":16,"column":68}},"10":{"start":{"line":19,"column":2},"end":{"line":27,"column":42}},"11":{"start":{"line":20,"column":4},"end":{"line":20,"column":21}},"12":{"start":{"line":21,"column":4},"end":{"line":23,"column":7}},"13":{"start":{"line":22,"column":6},"end":{"line":22,"column":23}},"14":{"start":{"line":24,"column":4},"end":{"line":24,"column":33}},"15":{"start":{"line":29,"column":2},"end":{"line":32,"column":5}},"16":{"start":{"line":30,"column":4},"end":{"line":30,"column":19}},"17":{"start":{"line":31,"column":4},"end":{"line":31,"column":19}},"18":{"start":{"line":35,"column":0},"end":{"line":37,"column":1}},"19":{"start":{"line":36,"column":2},"end":{"line":36,"column":14}}},"branchMap":{"1":{"line":25,"type":"cond-expr","locations":[{"start":{"line":26,"column":4},"end":{"line":26,"column":48}},{"start":{"line":27,"column":4},"end":{"line":27,"column":40}}]},"2":{"line":35,"type":"if","locations":[{"start":{"line":35,"column":0},"end":{"line":35,"column":0}},{"start":{"line":35,"column":0},"end":{"line":35,"column":0}}]}},"code":["//#!/usr/bin/env node","","var net = require('net')","  , repl = require('repl')","  , assert = require('assert')","  , wd = require('./main');","","var connections = 0;","","var startRepl = function() {","  var r = repl.start('(wd): ');","  r.context.assert = assert;","  r.context.wd = wd;","  r.context.help = function() {","    console.log(\"WD - Shell.\");","    console.log(\"Access the webdriver object via the object: 'wd'\");","  };","","  var server = net.createServer(function (socket) {","    connections += 1;","    socket.setTimeout(5*60*1000, function() {","      socket.destroy();","    });","    repl.start(\"(wd): \", socket);","  }).listen(process.platform === \"win32\" ?","    \"\\\\\\\\.\\\\pipe\\\\node-repl-sock-\" + process.pid :","    \"/tmp/node-repl-sock-\" + process.pid);","","  r.on('exit', function () {","    server.close();","    process.exit();","  });","};","","if (process.argv[2] === \"shell\") {","  startRepl();","}",""],"l":{"3":1,"8":1,"10":1,"11":0,"12":0,"13":0,"14":0,"15":0,"16":0,"19":0,"20":0,"21":0,"22":0,"24":0,"29":0,"30":0,"31":0,"35":1,"36":0}},"/home/travis/build/npmtest/node-npmtest-wd/node_modules/wd/lib/deprecated-chain.js":{"path":"/home/travis/build/npmtest/node-npmtest-wd/node_modules/wd/lib/deprecated-chain.js","s":{"1":1,"2":1,"3":1,"4":1,"5":0,"6":0,"7":0,"8":0,"9":0,"10":0,"11":0,"12":0,"13":0,"14":0,"15":0,"16":0,"17":0,"18":0,"19":0,"20":0,"21":0,"22":0,"23":0,"24":0,"25":0,"26":0,"27":0,"28":0,"29":0,"30":0,"31":0,"32":0,"33":0,"34":0,"35":0,"36":0,"37":0,"38":0,"39":0,"40":0,"41":0,"42":0,"43":0,"44":0,"45":0,"46":0,"47":1,"48":0,"49":0,"50":1,"51":0,"52":0,"53":0,"54":1,"55":0,"56":1,"57":0,"58":0,"59":1,"60":0,"61":0,"62":1,"63":0,"64":0},"b":{"1":[0,0],"2":[0,0],"3":[0,0],"4":[0,0],"5":[0,0],"6":[0,0],"7":[0,0],"8":[0,0],"9":[0,0],"10":[0,0],"11":[0,0],"12":[0,0],"13":[0,0],"14":[0,0],"15":[0,0],"16":[0,0]},"f":{"1":0,"2":0,"3":0,"4":0,"5":0,"6":0,"7":0,"8":0,"9":0,"10":0,"11":0,"12":0,"13":0,"14":0,"15":0,"16":0,"17":0,"18":0},"fnMap":{"1":{"name":"(anonymous_1)","line":6,"loc":{"start":{"line":6,"column":24},"end":{"line":6,"column":37}}},"2":{"name":"(anonymous_2)","line":15,"loc":{"start":{"line":15,"column":33},"end":{"line":15,"column":47}}},"3":{"name":"(anonymous_3)","line":22,"loc":{"start":{"line":22,"column":31},"end":{"line":22,"column":57}}},"4":{"name":"(anonymous_4)","line":29,"loc":{"start":{"line":29,"column":28},"end":{"line":29,"column":42}}},"5":{"name":"(anonymous_5)","line":40,"loc":{"start":{"line":40,"column":23},"end":{"line":40,"column":37}}},"6":{"name":"(anonymous_6)","line":55,"loc":{"start":{"line":55,"column":15},"end":{"line":55,"column":41}}},"7":{"name":"(anonymous_7)","line":60,"loc":{"start":{"line":60,"column":21},"end":{"line":60,"column":36}}},"8":{"name":"(anonymous_8)","line":77,"loc":{"start":{"line":77,"column":25},"end":{"line":77,"column":39}}},"9":{"name":"(anonymous_9)","line":78,"loc":{"start":{"line":78,"column":11},"end":{"line":78,"column":21}}},"10":{"name":"(anonymous_10)","line":85,"loc":{"start":{"line":85,"column":31},"end":{"line":85,"column":43}}},"11":{"name":"(anonymous_11)","line":95,"loc":{"start":{"line":95,"column":28},"end":{"line":95,"column":38}}},"12":{"name":"(anonymous_12)","line":100,"loc":{"start":{"line":100,"column":29},"end":{"line":100,"column":52}}},"13":{"name":"(anonymous_13)","line":101,"loc":{"start":{"line":101,"column":13},"end":{"line":101,"column":24}}},"14":{"name":"(anonymous_14)","line":107,"loc":{"start":{"line":107,"column":23},"end":{"line":107,"column":33}}},"15":{"name":"(anonymous_15)","line":111,"loc":{"start":{"line":111,"column":27},"end":{"line":111,"column":41}}},"16":{"name":"(anonymous_16)","line":116,"loc":{"start":{"line":116,"column":32},"end":{"line":116,"column":51}}},"17":{"name":"(anonymous_17)","line":122,"loc":{"start":{"line":122,"column":9},"end":{"line":122,"column":27}}},"18":{"name":"(anonymous_18)","line":123,"loc":{"start":{"line":123,"column":38},"end":{"line":123,"column":59}}}},"statementMap":{"1":{"start":{"line":1,"column":0},"end":{"line":1,"column":29}},"2":{"start":{"line":2,"column":0},"end":{"line":2,"column":28}},"3":{"start":{"line":4,"column":0},"end":{"line":4,"column":24}},"4":{"start":{"line":6,"column":0},"end":{"line":92,"column":2}},"5":{"start":{"line":7,"column":2},"end":{"line":7,"column":19}},"6":{"start":{"line":8,"column":2},"end":{"line":8,"column":25}},"7":{"start":{"line":8,"column":14},"end":{"line":8,"column":23}},"8":{"start":{"line":12,"column":2},"end":{"line":18,"column":3}},"9":{"start":{"line":13,"column":4},"end":{"line":13,"column":45}},"10":{"start":{"line":14,"column":9},"end":{"line":18,"column":3}},"11":{"start":{"line":15,"column":4},"end":{"line":17,"column":6}},"12":{"start":{"line":16,"column":6},"end":{"line":16,"column":77}},"13":{"start":{"line":16,"column":17},"end":{"line":16,"column":75}},"14":{"start":{"line":21,"column":2},"end":{"line":72,"column":3}},"15":{"start":{"line":22,"column":4},"end":{"line":51,"column":10}},"16":{"start":{"line":23,"column":6},"end":{"line":47,"column":7}},"17":{"start":{"line":27,"column":8},"end":{"line":27,"column":80}},"18":{"start":{"line":28,"column":8},"end":{"line":28,"column":37}},"19":{"start":{"line":29,"column":8},"end":{"line":36,"column":10}},"20":{"start":{"line":33,"column":10},"end":{"line":34,"column":44}},"21":{"start":{"line":34,"column":14},"end":{"line":34,"column":42}},"22":{"start":{"line":35,"column":10},"end":{"line":35,"column":53}},"23":{"start":{"line":35,"column":37},"end":{"line":35,"column":51}},"24":{"start":{"line":40,"column":8},"end":{"line":46,"column":11}},"25":{"start":{"line":44,"column":10},"end":{"line":45,"column":30}},"26":{"start":{"line":44,"column":21},"end":{"line":44,"column":54}},"27":{"start":{"line":45,"column":17},"end":{"line":45,"column":28}},"28":{"start":{"line":50,"column":6},"end":{"line":50,"column":47}},"29":{"start":{"line":54,"column":4},"end":{"line":71,"column":7}},"30":{"start":{"line":56,"column":8},"end":{"line":56,"column":25}},"31":{"start":{"line":57,"column":8},"end":{"line":59,"column":9}},"32":{"start":{"line":58,"column":12},"end":{"line":58,"column":26}},"33":{"start":{"line":60,"column":8},"end":{"line":69,"column":11}},"34":{"start":{"line":61,"column":12},"end":{"line":64,"column":15}},"35":{"start":{"line":65,"column":12},"end":{"line":67,"column":13}},"36":{"start":{"line":66,"column":16},"end":{"line":66,"column":34}},"37":{"start":{"line":68,"column":12},"end":{"line":68,"column":42}},"38":{"start":{"line":74,"column":2},"end":{"line":74,"column":17}},"39":{"start":{"line":77,"column":2},"end":{"line":82,"column":4}},"40":{"start":{"line":78,"column":4},"end":{"line":81,"column":6}},"41":{"start":{"line":79,"column":6},"end":{"line":79,"column":86}},"42":{"start":{"line":80,"column":6},"end":{"line":80,"column":19}},"43":{"start":{"line":85,"column":2},"end":{"line":89,"column":5}},"44":{"start":{"line":86,"column":4},"end":{"line":88,"column":5}},"45":{"start":{"line":87,"column":6},"end":{"line":87,"column":37}},"46":{"start":{"line":91,"column":2},"end":{"line":91,"column":15}},"47":{"start":{"line":95,"column":0},"end":{"line":98,"column":2}},"48":{"start":{"line":96,"column":2},"end":{"line":96,"column":27}},"49":{"start":{"line":97,"column":2},"end":{"line":97,"column":21}},"50":{"start":{"line":100,"column":0},"end":{"line":105,"column":2}},"51":{"start":{"line":101,"column":2},"end":{"line":103,"column":16}},"52":{"start":{"line":102,"column":4},"end":{"line":102,"column":9}},"53":{"start":{"line":104,"column":2},"end":{"line":104,"column":20}},"54":{"start":{"line":107,"column":0},"end":{"line":109,"column":2}},"55":{"start":{"line":108,"column":2},"end":{"line":108,"column":69}},"56":{"start":{"line":111,"column":0},"end":{"line":114,"column":2}},"57":{"start":{"line":112,"column":2},"end":{"line":112,"column":9}},"58":{"start":{"line":113,"column":2},"end":{"line":113,"column":20}},"59":{"start":{"line":116,"column":0},"end":{"line":119,"column":2}},"60":{"start":{"line":117,"column":2},"end":{"line":117,"column":11}},"61":{"start":{"line":118,"column":2},"end":{"line":118,"column":20}},"62":{"start":{"line":121,"column":0},"end":{"line":127,"column":2}},"63":{"start":{"line":123,"column":4},"end":{"line":125,"column":7}},"64":{"start":{"line":124,"column":6},"end":{"line":124,"column":70}}},"branchMap":{"1":{"line":8,"type":"if","locations":[{"start":{"line":8,"column":2},"end":{"line":8,"column":2}},{"start":{"line":8,"column":2},"end":{"line":8,"column":2}}]},"2":{"line":12,"type":"if","locations":[{"start":{"line":12,"column":2},"end":{"line":12,"column":2}},{"start":{"line":12,"column":2},"end":{"line":12,"column":2}}]},"3":{"line":14,"type":"if","locations":[{"start":{"line":14,"column":9},"end":{"line":14,"column":9}},{"start":{"line":14,"column":9},"end":{"line":14,"column":9}}]},"4":{"line":16,"type":"if","locations":[{"start":{"line":16,"column":6},"end":{"line":16,"column":6}},{"start":{"line":16,"column":6},"end":{"line":16,"column":6}}]},"5":{"line":21,"type":"if","locations":[{"start":{"line":21,"column":2},"end":{"line":21,"column":2}},{"start":{"line":21,"column":2},"end":{"line":21,"column":2}}]},"6":{"line":23,"type":"if","locations":[{"start":{"line":23,"column":6},"end":{"line":23,"column":6}},{"start":{"line":23,"column":6},"end":{"line":23,"column":6}}]},"7":{"line":23,"type":"binary-expr","locations":[{"start":{"line":23,"column":9},"end":{"line":23,"column":29}},{"start":{"line":23,"column":33},"end":{"line":23,"column":84}}]},"8":{"line":27,"type":"cond-expr","locations":[{"start":{"line":27,"column":54},"end":{"line":27,"column":55}},{"start":{"line":27,"column":58},"end":{"line":27,"column":78}}]},"9":{"line":33,"type":"if","locations":[{"start":{"line":33,"column":10},"end":{"line":33,"column":10}},{"start":{"line":33,"column":10},"end":{"line":33,"column":10}}]},"10":{"line":35,"type":"if","locations":[{"start":{"line":35,"column":10},"end":{"line":35,"column":10}},{"start":{"line":35,"column":10},"end":{"line":35,"column":10}}]},"11":{"line":44,"type":"if","locations":[{"start":{"line":44,"column":10},"end":{"line":44,"column":10}},{"start":{"line":44,"column":10},"end":{"line":44,"column":10}}]},"12":{"line":57,"type":"if","locations":[{"start":{"line":57,"column":8},"end":{"line":57,"column":8}},{"start":{"line":57,"column":8},"end":{"line":57,"column":8}}]},"13":{"line":63,"type":"cond-expr","locations":[{"start":{"line":63,"column":59},"end":{"line":63,"column":67}},{"start":{"line":63,"column":70},"end":{"line":63,"column":74}}]},"14":{"line":65,"type":"if","locations":[{"start":{"line":65,"column":12},"end":{"line":65,"column":12}},{"start":{"line":65,"column":12},"end":{"line":65,"column":12}}]},"15":{"line":65,"type":"binary-expr","locations":[{"start":{"line":65,"column":16},"end":{"line":65,"column":31}},{"start":{"line":65,"column":35},"end":{"line":65,"column":75}}]},"16":{"line":86,"type":"if","locations":[{"start":{"line":86,"column":4},"end":{"line":86,"column":4}},{"start":{"line":86,"column":4},"end":{"line":86,"column":4}}]}},"code":["var async = require(\"async\");","var _ = require(\"./lodash\");","","var deprecatedChain ={};","","deprecatedChain.chain = function(obj){","  var _this = this;","  if (!obj) { obj = {}; }","","  // Update the onError callback if supplied.  The most recent .chain()","  // invocation overrides previous onError handlers.","  if (obj.onError) {","    this._chainOnErrorCallback = obj.onError;","  } else if (!this._chainOnErrorCallback) {","    this._chainOnErrorCallback = function(err) {","      if (err) { console.error(\"a function in your .chain() failed:\", err); }","    };","  }","","  // Add queue if not already here","  if(!_this._queue){","    _this._queue = async.queue(function (task, callback) {","      if(task.args.length > 0 && typeof task.args[task.args.length-1] === \"function\"){","        //wrap the existing callback","        //if this is queueAddAsync, we instead create a callback that will be","        //passed through to the function provided","        var cb_arg = (task.name === 'queueAddAsync' ? 1 : task.args.length - 1);","        var func = task.args[cb_arg];","        task.args[cb_arg] = function(err) {","          // if the chain user has their own callback, we will not invoke","          // the onError handler, supplying your own callback suggests you","          // handle the error on your own.","          if (func)","            { func.apply(null, arguments); }","          if (!_this._chainHalted) { callback(err); }","        };","      } else {","        // if the .chain() does not supply a callback, we assume they","        // expect us to catch errors.","        task.args.push(function(err) {","          // if there is an error, call the onError callback,","          // and do not invoke callback() which would make the","          // task queue continue processing","          if (err) { _this._chainOnErrorCallback(err); }","          else { callback(); }","        });","      }","","      //call the function","      _this[task.name].apply(_this, task.args);","    }, 1);","","    // add unshift method if we need to add sth to the queue","    _this._queue = _.extend(_this._queue, {","      unshift: function (data, callback) {","        var _this = this;","        if(data.constructor !== Array) {","            data = [data];","        }","        data.forEach(function(task) {","            _this.tasks.unshift({","                data: task,","                callback: typeof callback === 'function' ? callback : null","            });","            if (_this.saturated && _this.tasks.length === _this.concurrency) {","                _this.saturated();","            }","            async.nextTick(_this.process);","        });","      }","    });","  }","","  var chain = {};","","  //builds a placeHolder functions","  var buildPlaceholder = function(name){","    return function(){","      _this._queue.push({name: name, args: Array.prototype.slice.call(arguments, 0)});","      return chain;","    };","  };","","  //fill the chain with placeholders","  _.each(_.functionsIn(_this), function(k) {","    if(k !== \"chain\"){","      chain[k] = buildPlaceholder(k);","    }","  });","","  return chain;","};","","// manually stop processing of queued chained functions","deprecatedChain.haltChain = function(){","  this._chainHalted = true;","  this._queue = null;","};","","deprecatedChain.pauseChain = function(timeoutMs, cb){","  setTimeout(function() {","    cb();","  }, timeoutMs);","  return this.chain;","};","","deprecatedChain.next = function(){","  this._queue.unshift({name: arguments[0], args: _.drop(arguments)});","};","","deprecatedChain.queueAdd = function(func){","  func();","  return this.chain;","};","","deprecatedChain.queueAddAsync = function(func, cb) {","  func(cb);","  return this.chain;","};","","module.exports = {","  patch: function(browser) {","    _(deprecatedChain).methods().each(function(methodName) {","      browser[methodName] = deprecatedChain[methodName].bind(browser);","    });","  }","};",""],"l":{"1":1,"2":1,"4":1,"6":1,"7":0,"8":0,"12":0,"13":0,"14":0,"15":0,"16":0,"21":0,"22":0,"23":0,"27":0,"28":0,"29":0,"33":0,"34":0,"35":0,"40":0,"44":0,"45":0,"50":0,"54":0,"56":0,"57":0,"58":0,"60":0,"61":0,"65":0,"66":0,"68":0,"74":0,"77":0,"78":0,"79":0,"80":0,"85":0,"86":0,"87":0,"91":0,"95":1,"96":0,"97":0,"100":1,"101":0,"102":0,"104":0,"107":1,"108":0,"111":1,"112":0,"113":0,"116":1,"117":0,"118":0,"121":1,"123":0,"124":0}}}